Id	TripleStoreId	FromProcedureStepId	ToProcedureStepId	ProcedureRouteTypeId	ModifiedBy	ModifiedAt	StartDate	EndDate
1936	RjkE4LhA	281	109	3	sunleyJ@parliament.uk	2020-12-03 15:06:59 +00:00	NULL	NULL
1937	YE11GATc	109	282	3	sunleyJ@parliament.uk	2020-12-03 15:07:12 +00:00	NULL	NULL
1939	tTmVlzqA	4	283	3	sunleyJ@parliament.uk	2020-12-03 15:07:49 +00:00	NULL	NULL
1940	Cu4Bv2KR	283	93	3	sunleyJ@parliament.uk	2020-12-03 15:08:12 +00:00	NULL	NULL
1941	WZQPnA0q	93	285	3	sunleyJ@parliament.uk	2020-12-03 15:08:30 +00:00	NULL	NULL
1943	lz3c1tQ8	284	283	3	sunleyJ@parliament.uk	2020-12-03 15:09:06 +00:00	NULL	NULL
1944	P8ye3Sh6	93	287	3	sunleyJ@parliament.uk	2020-12-03 15:10:33 +00:00	NULL	NULL
1945	KyGopC5F	93	299	3	sunleyJ@parliament.uk	2020-12-03 15:10:51 +00:00	NULL	NULL
1946	cGWpNDOI	93	288	3	sunleyJ@parliament.uk	2020-12-03 15:11:18 +00:00	NULL	NULL
1947	VptSK4rm	299	302	3	sunleyJ@parliament.uk	2020-12-03 15:13:11 +00:00	NULL	NULL
1948	XNT7LRzD	302	300	3	sunleyJ@parliament.uk	2020-12-03 15:13:47 +00:00	NULL	NULL
1949	tjG5aIhJ	300	111	3	sunleyJ@parliament.uk	2020-12-03 15:14:04 +00:00	NULL	NULL
1950	Pf9hQt7N	111	301	3	sunleyJ@parliament.uk	2020-12-03 15:14:39 +00:00	NULL	NULL
1951	ay1LYqEL	301	300	3	sunleyJ@parliament.uk	2020-12-03 15:14:52 +00:00	NULL	NULL
1952	PAuzea4z	288	294	3	sunleyJ@parliament.uk	2020-12-03 15:15:32 +00:00	NULL	NULL
1953	Iu7lIM7S	294	66	3	sunleyJ@parliament.uk	2020-12-03 15:15:51 +00:00	NULL	NULL
1954	EiqblU7t	66	291	3	sunleyJ@parliament.uk	2020-12-03 15:16:31 +00:00	NULL	NULL
1955	v3w1yI84	291	292	3	sunleyJ@parliament.uk	2020-12-03 15:16:46 +00:00	NULL	NULL
1956	JA3vp8Nj	292	288	3	sunleyJ@parliament.uk	2020-12-03 15:17:05 +00:00	NULL	NULL
1957	0y4uTGiN	66	290	3	sunleyJ@parliament.uk	2020-12-03 15:17:25 +00:00	NULL	NULL
1958	lpxdHvhH	65	291	3	sunleyJ@parliament.uk	2020-12-03 15:17:59 +00:00	NULL	NULL
1959	EdN4S9yz	65	290	3	sunleyJ@parliament.uk	2020-12-03 15:18:16 +00:00	NULL	NULL
1960	AQ4dRTLG	290	289	3	sunleyJ@parliament.uk	2020-12-03 15:18:31 +00:00	NULL	NULL
1961	XGC07y8w	289	287	3	sunleyJ@parliament.uk	2020-12-03 15:18:56 +00:00	NULL	NULL
1962	m28di9g5	287	293	3	sunleyJ@parliament.uk	2020-12-03 15:19:25 +00:00	NULL	NULL
1964	DdcGmocW	286	285	3	sunleyJ@parliament.uk	2020-12-03 15:20:17 +00:00	NULL	NULL
1965	HIdpzhI1	109	286	3	sunleyJ@parliament.uk	2020-12-03 15:20:40 +00:00	NULL	NULL
1966	nzREs9LT	66	295	3	sunleyJ@parliament.uk	2020-12-23 11:00:45 +00:00	NULL	NULL
1967	junCu1oR	295	296	3	sunleyJ@parliament.uk	2020-12-23 11:01:03 +00:00	NULL	NULL
1968	8YT4coRV	296	298	3	sunleyJ@parliament.uk	2020-12-23 11:01:19 +00:00	NULL	NULL
1969	wEhKnXRL	298	113	3	sunleyJ@parliament.uk	2020-12-23 11:01:35 +00:00	NULL	NULL
1970	VHuVmoDi	113	297	3	sunleyJ@parliament.uk	2020-12-11 10:59:05 +00:00	NULL	NULL
1971	QvdiyA2A	297	296	3	sunleyJ@parliament.uk	2020-12-11 10:58:58 +00:00	NULL	NULL
1972	CJuZLApb	81	295	3	sunleyJ@parliament.uk	2020-12-03 15:23:59 +00:00	NULL	NULL
1973	etbPLEEw	71	286	3	sunleyJ@parliament.uk	2020-12-03 15:24:22 +00:00	NULL	NULL
1974	OemfVVf2	19	299	3	sunleyJ@parliament.uk	2020-12-03 15:25:00 +00:00	NULL	NULL
1975	3da03OQc	109	304	3	sunleyJ@parliament.uk	2020-12-04 14:21:50 +00:00	NULL	NULL
1976	pEqU0ACh	4	326	3	sunleyJ@parliament.uk	2020-12-04 14:22:05 +00:00	NULL	NULL
1977	VP6nLlzA	99	305	3	sunleyJ@parliament.uk	2020-12-04 14:47:36 +00:00	NULL	NULL
1978	RImyF9GJ	66	322	3	sunleyJ@parliament.uk	2020-12-04 14:22:46 +00:00	NULL	NULL
1979	bQgTah8R	12	326	3	sunleyJ@parliament.uk	2020-12-04 14:23:04 +00:00	NULL	NULL
1980	9YJv2OnW	326	80	3	sunleyJ@parliament.uk	2020-12-04 14:23:17 +00:00	NULL	NULL
1981	8FZ6hOC1	80	327	3	sunleyJ@parliament.uk	2020-12-04 14:23:34 +00:00	NULL	NULL
1982	vxcAt7cb	328	327	3	sunleyJ@parliament.uk	2020-12-07 10:11:57 +00:00	NULL	NULL
1984	Z6pdyxwI	327	71	3	sunleyJ@parliament.uk	2020-12-04 14:24:25 +00:00	NULL	NULL
1986	67ggOCa9	71	304	3	sunleyJ@parliament.uk	2020-12-04 14:24:58 +00:00	NULL	NULL
1987	AiH3L6z6	304	303	3	sunleyJ@parliament.uk	2020-12-04 14:25:49 +00:00	NULL	NULL
1988	2KaMaejs	303	302	3	sunleyJ@parliament.uk	2020-12-04 14:26:13 +00:00	NULL	NULL
1989	RM3DDVUB	108	303	3	sunleyJ@parliament.uk	2020-12-07 10:18:40 +00:00	NULL	NULL
1991	cY3MTRuC	12	306	3	sunleyJ@parliament.uk	2020-12-04 14:27:27 +00:00	NULL	NULL
1993	pQzgYPzV	12	307	3	sunleyJ@parliament.uk	2020-12-04 14:27:53 +00:00	NULL	NULL
1994	hqPO6Ib5	307	309	3	sunleyJ@parliament.uk	2020-12-04 14:28:08 +00:00	NULL	NULL
1995	zHIiXm3b	309	108	3	sunleyJ@parliament.uk	2020-12-04 14:28:23 +00:00	NULL	NULL
1996	9hzAmqDX	108	308	3	sunleyJ@parliament.uk	2020-12-04 14:28:42 +00:00	NULL	NULL
1997	BBcDS9co	308	307	3	sunleyJ@parliament.uk	2020-12-04 14:28:57 +00:00	NULL	NULL
1998	TzX02zVo	108	313	3	sunleyJ@parliament.uk	2020-12-04 14:29:12 +00:00	NULL	NULL
1999	1Pcz9hOY	313	312	3	sunleyJ@parliament.uk	2020-12-04 14:29:27 +00:00	NULL	NULL
2000	x8u2KtDq	12	310	3	sunleyJ@parliament.uk	2020-12-04 14:29:40 +00:00	NULL	NULL
2001	8Qyr3FId	310	19	3	sunleyJ@parliament.uk	2020-12-04 14:29:53 +00:00	NULL	NULL
2002	bG8oTvHb	19	312	3	sunleyJ@parliament.uk	2020-12-04 14:30:11 +00:00	NULL	NULL
2003	MwCl4Tlw	312	311	3	sunleyJ@parliament.uk	2020-12-04 14:30:52 +00:00	NULL	NULL
2004	YIMpKDPP	311	310	3	sunleyJ@parliament.uk	2020-12-04 14:31:04 +00:00	NULL	NULL
2005	Hb8akbl5	19	314	3	sunleyJ@parliament.uk	2020-12-04 14:31:28 +00:00	NULL	NULL
2006	qJQwYQDo	19	315	3	sunleyJ@parliament.uk	2020-12-04 14:31:42 +00:00	NULL	NULL
2007	y0QkacW1	314	320	3	sunleyJ@parliament.uk	2020-12-04 14:31:54 +00:00	NULL	NULL
2008	M2gm4XhN	320	98	3	sunleyJ@parliament.uk	2020-12-04 14:32:08 +00:00	NULL	NULL
2009	KcF1PG9B	98	317	3	sunleyJ@parliament.uk	2020-12-04 14:32:30 +00:00	NULL	NULL
2010	N8t9Sf9m	98	318	3	sunleyJ@parliament.uk	2020-12-04 14:32:42 +00:00	NULL	NULL
2011	utDseKSw	81	317	3	sunleyJ@parliament.uk	2020-12-04 14:32:59 +00:00	NULL	NULL
2012	FPLfWA1c	317	316	3	sunleyJ@parliament.uk	2020-12-04 14:33:12 +00:00	NULL	NULL
2013	ns2L3uBQ	316	314	3	sunleyJ@parliament.uk	2020-12-04 14:33:25 +00:00	NULL	NULL
2014	RgpO4nke	81	318	3	sunleyJ@parliament.uk	2020-12-04 14:33:47 +00:00	NULL	NULL
2015	td7y20Lk	318	319	3	sunleyJ@parliament.uk	2020-12-04 14:34:05 +00:00	NULL	NULL
2016	JmoskYXU	319	315	3	sunleyJ@parliament.uk	2020-12-04 14:34:19 +00:00	NULL	NULL
2018	5oN405Az	321	81	3	sunleyJ@parliament.uk	2020-12-04 14:34:47 +00:00	NULL	NULL
2019	mtJobkB6	81	322	3	sunleyJ@parliament.uk	2020-12-04 14:35:07 +00:00	NULL	NULL
2020	YWX79fqV	322	323	3	sunleyJ@parliament.uk	2020-12-04 14:35:18 +00:00	NULL	NULL
2021	GyMjka6P	323	324	3	sunleyJ@parliament.uk	2020-12-04 14:35:31 +00:00	NULL	NULL
2022	l6i9lyIz	324	114	3	sunleyJ@parliament.uk	2020-12-04 14:35:46 +00:00	NULL	NULL
2023	jD44tmTb	114	325	3	sunleyJ@parliament.uk	2020-12-04 14:36:00 +00:00	NULL	NULL
2024	jVRE2yE7	325	323	3	sunleyJ@parliament.uk	2020-12-04 14:36:15 +00:00	NULL	NULL
2027	DDllIDnz	305	12	3	smethurstm@parliament.uk	2020-12-19 10:10:42 +00:00	NULL	NULL
2030	Iju57xY6	306	305	3	smethurstm@parliament.uk	2020-12-20 11:47:51 +00:00	NULL	NULL
2031	Vca26G4x	315	321	3	smethurstm@parliament.uk	2020-12-20 11:48:54 +00:00	NULL	NULL
2033	HmKP6Bkk	293	65	3	smethurstm@parliament.uk	2020-12-20 16:54:39 +00:00	NULL	NULL
2036	rq3wrfrt	285	284	3	smethurstm@parliament.uk	2020-12-20 18:37:17 +00:00	NULL	NULL
2038	7h5U73lI	71	328	3	smethurstm@parliament.uk	2020-12-20 20:20:29 +00:00	NULL	NULL
2039	FS3hOkhb	71	313	3	smethurstm@parliament.uk	2020-12-20 20:21:09 +00:00	NULL	NULL
2077	1mDIJRPV	14	285	3	sunleyJ@parliament.uk	2021-01-19 10:45:21 +00:00	NULL	NULL
2082	ubZlmiZx	15	283	3	sunleyJ@parliament.uk	2021-01-19 10:46:40 +00:00	NULL	NULL
2083	DrpxiAPB	283	281	3	sunleyJ@parliament.uk	2021-01-19 10:46:54 +00:00	NULL	NULL
2084	IAWM7h6D	281	230	3	sunleyJ@parliament.uk	2021-01-19 10:47:05 +00:00	NULL	NULL
2085	lYmGYGWu	230	282	3	sunleyJ@parliament.uk	2021-01-19 10:47:19 +00:00	NULL	NULL
2086	eZJyLIDi	282	283	3	sunleyJ@parliament.uk	2021-01-19 10:47:32 +00:00	NULL	NULL
2087	8mRo44sH	230	287	3	sunleyJ@parliament.uk	2021-01-19 10:47:50 +00:00	NULL	NULL
2088	L8VvnVa6	287	293	3	sunleyJ@parliament.uk	2021-01-19 10:48:01 +00:00	NULL	NULL
2089	5IBaVEgN	293	231	3	sunleyJ@parliament.uk	2021-01-19 10:48:12 +00:00	NULL	NULL
2090	kHBH7wt1	231	284	3	sunleyJ@parliament.uk	2021-01-19 10:48:25 +00:00	NULL	NULL
2091	apcZIbCi	284	287	3	sunleyJ@parliament.uk	2021-01-19 10:48:42 +00:00	NULL	NULL
2092	n4zLalk9	15	371	3	sunleyJ@parliament.uk	2021-01-19 10:48:56 +00:00	NULL	NULL
2093	ZByGmGOw	15	307	3	sunleyJ@parliament.uk	2021-01-19 10:49:08 +00:00	NULL	NULL
2094	Jdr3aWJE	15	288	3	sunleyJ@parliament.uk	2021-01-19 10:49:20 +00:00	NULL	NULL
2095	EOJFxDz9	289	296	3	sunleyJ@parliament.uk	2021-01-19 10:49:35 +00:00	NULL	NULL
2096	nk4GFnAp	296	294	3	sunleyJ@parliament.uk	2021-01-19 10:49:50 +00:00	NULL	NULL
2097	B7Uqms5u	294	9	3	sunleyJ@parliament.uk	2021-01-19 10:50:05 +00:00	NULL	NULL
2098	9Ldbs3Is	9	289	3	sunleyJ@parliament.uk	2021-01-19 10:50:23 +00:00	NULL	NULL
2099	GOGhMmCK	288	296	3	sunleyJ@parliament.uk	2021-01-25 15:37:09 +00:00	NULL	NULL
2100	s3QXelJH	292	288	3	sunleyJ@parliament.uk	2021-01-19 10:50:52 +00:00	NULL	NULL
2101	jZoiadi2	44	292	3	sunleyJ@parliament.uk	2021-01-19 10:51:40 +00:00	NULL	NULL
2102	vOPpckF2	9	372	3	sunleyJ@parliament.uk	2021-01-19 10:52:02 +00:00	NULL	NULL
2103	z8Sa0uls	9	310	3	sunleyJ@parliament.uk	2021-01-19 10:52:16 +00:00	NULL	NULL
2104	Meu0Ee20	233	297	3	sunleyJ@parliament.uk	2021-01-19 10:52:36 +00:00	NULL	NULL
2105	0jbq3QDi	297	233	3	sunleyJ@parliament.uk	2021-01-19 10:52:48 +00:00	NULL	NULL
2108	JoDfJWnP	233	300	3	sunleyJ@parliament.uk	2021-01-19 10:53:46 +00:00	NULL	NULL
2109	akuSFMli	233	305	3	sunleyJ@parliament.uk	2021-01-19 10:54:00 +00:00	NULL	NULL
2110	hPKItqk6	300	234	3	sunleyJ@parliament.uk	2021-01-19 10:54:18 +00:00	NULL	NULL
2111	yvaDNfhw	234	301	3	sunleyJ@parliament.uk	2021-01-19 10:54:35 +00:00	NULL	NULL
2112	OdLupgsy	301	300	3	sunleyJ@parliament.uk	2021-01-19 10:54:48 +00:00	NULL	NULL
2114	QhnAZRhw	305	298	3	sunleyJ@parliament.uk	2021-01-19 10:55:20 +00:00	NULL	NULL
2115	TOTe1S2s	298	235	3	sunleyJ@parliament.uk	2021-01-19 10:55:33 +00:00	NULL	NULL
2116	hLXho06k	235	306	3	sunleyJ@parliament.uk	2021-01-19 10:55:45 +00:00	NULL	NULL
2117	QqR6hI3D	306	305	3	sunleyJ@parliament.uk	2021-01-19 10:55:58 +00:00	NULL	NULL
2118	FMfGWwgm	230	313	3	sunleyJ@parliament.uk	2021-01-25 15:42:33 +00:00	NULL	NULL
2119	PnHrdRbl	230	316	3	sunleyJ@parliament.uk	2021-01-19 10:56:49 +00:00	NULL	NULL
2120	b5brs93j	230	419	3	sunleyJ@parliament.uk	2021-01-19 10:57:12 +00:00	NULL	NULL
2121	Ydtbn8OR	230	455	3	sunleyJ@parliament.uk	2021-01-19 10:57:32 +00:00	NULL	NULL
2122	CKu6sclQ	230	322	3	sunleyJ@parliament.uk	2021-01-19 10:57:52 +00:00	NULL	NULL
2123	dOw1V8RL	230	468	3	sunleyJ@parliament.uk	2021-01-19 10:58:08 +00:00	NULL	NULL
2124	KD5eVcd7	230	488	3	sunleyJ@parliament.uk	2021-01-19 10:58:28 +00:00	NULL	NULL
2125	wfdIDwen	4	427	3	sunleyJ@parliament.uk	2021-01-19 11:00:14 +00:00	NULL	NULL
2126	DAArAfLn	427	67	3	sunleyJ@parliament.uk	2021-01-19 11:00:27 +00:00	NULL	NULL
2127	xFHDmK2I	12	427	3	sunleyJ@parliament.uk	2021-01-19 11:00:42 +00:00	NULL	NULL
2128	y6IaWLLu	67	398	3	sunleyJ@parliament.uk	2021-01-19 11:01:06 +00:00	NULL	NULL
2129	ydUgS5ID	398	64	3	sunleyJ@parliament.uk	2021-01-19 11:01:20 +00:00	NULL	NULL
2130	y7lZpkg4	64	486	3	sunleyJ@parliament.uk	2021-01-19 11:01:31 +00:00	NULL	NULL
2131	J3YIijm2	486	398	3	sunleyJ@parliament.uk	2021-01-19 11:01:42 +00:00	NULL	NULL
2132	QfhdJ1Hq	64	400	3	sunleyJ@parliament.uk	2021-01-19 11:01:54 +00:00	NULL	NULL
2133	AlrlVvYD	400	86	3	sunleyJ@parliament.uk	2021-01-19 11:02:05 +00:00	NULL	NULL
2134	wyceRoLc	428	487	3	sunleyJ@parliament.uk	2021-01-19 11:02:26 +00:00	NULL	NULL
2135	KHQ5KOeN	487	399	3	sunleyJ@parliament.uk	2021-01-19 11:02:37 +00:00	NULL	NULL
2136	nUdzb23q	399	400	3	sunleyJ@parliament.uk	2021-01-19 11:04:03 +00:00	NULL	NULL
2137	CwLlWiRz	488	399	3	sunleyJ@parliament.uk	2021-01-19 11:04:17 +00:00	NULL	NULL
2138	RmfiXPxH	64	467	3	sunleyJ@parliament.uk	2021-01-19 11:04:40 +00:00	NULL	NULL
2139	TDKkLzOm	64	480	3	sunleyJ@parliament.uk	2021-01-19 11:04:54 +00:00	NULL	NULL
2140	LbkfM3lZ	64	312	3	sunleyJ@parliament.uk	2021-01-19 11:05:16 +00:00	NULL	NULL
2141	nh718grF	64	406	3	sunleyJ@parliament.uk	2021-01-19 11:05:40 +00:00	NULL	NULL
2142	NPlYmlcY	64	448	3	sunleyJ@parliament.uk	2021-01-19 11:06:12 +00:00	NULL	NULL
2143	lvwlE8sU	64	417	3	sunleyJ@parliament.uk	2021-01-19 11:06:40 +00:00	NULL	NULL
2144	DARwIyFn	13	428	3	sunleyJ@parliament.uk	2021-01-19 11:07:20 +00:00	NULL	NULL
2145	3AoD5OfS	35	428	3	sunleyJ@parliament.uk	2021-01-19 11:07:37 +00:00	NULL	NULL
2146	O79HrF9G	13	420	3	sunleyJ@parliament.uk	2021-01-19 11:08:05 +00:00	NULL	NULL
2147	tHbmwVv1	35	420	3	sunleyJ@parliament.uk	2021-01-19 11:08:22 +00:00	NULL	NULL
2148	qiZOzzzH	420	419	3	sunleyJ@parliament.uk	2021-01-19 11:08:38 +00:00	NULL	NULL
2149	p0WmPjAd	419	44	3	sunleyJ@parliament.uk	2021-01-19 11:08:51 +00:00	NULL	NULL
2150	kpADpo1f	4	366	3	sunleyJ@parliament.uk	2021-01-19 11:09:16 +00:00	NULL	NULL
2151	PJw0qU34	12	366	3	sunleyJ@parliament.uk	2021-01-19 11:09:29 +00:00	NULL	NULL
2152	E1hAdhl3	366	367	3	sunleyJ@parliament.uk	2021-01-19 11:09:43 +00:00	NULL	NULL
2153	xLSqV1Js	455	367	3	sunleyJ@parliament.uk	2021-01-19 11:09:54 +00:00	NULL	NULL
2154	o6sqcZqG	367	368	3	sunleyJ@parliament.uk	2021-01-19 11:10:11 +00:00	NULL	NULL
2155	q3ExBfZf	368	8	3	sunleyJ@parliament.uk	2021-01-19 11:10:25 +00:00	NULL	NULL
2156	De7MSSzR	8	456	3	sunleyJ@parliament.uk	2021-01-19 11:10:37 +00:00	NULL	NULL
2157	6ESYQcW4	456	368	3	sunleyJ@parliament.uk	2021-01-19 11:10:48 +00:00	NULL	NULL
2158	5Q2tH8si	8	369	3	sunleyJ@parliament.uk	2021-01-19 11:11:06 +00:00	NULL	NULL
2159	Oq3bijC7	8	370	3	sunleyJ@parliament.uk	2021-01-19 11:11:18 +00:00	NULL	NULL
2160	KAoH2zrW	369	511	3	sunleyJ@parliament.uk	2021-01-19 11:11:31 +00:00	NULL	NULL
2161	xoDcTjIT	511	92	3	sunleyJ@parliament.uk	2021-01-19 11:11:50 +00:00	NULL	NULL
2162	78cjUNnz	92	317	3	sunleyJ@parliament.uk	2021-01-19 11:12:07 +00:00	NULL	NULL
2163	pjfSR3xo	92	318	3	sunleyJ@parliament.uk	2021-01-19 11:12:20 +00:00	NULL	NULL
2164	ZaKdsUVw	370	512	3	sunleyJ@parliament.uk	2021-01-19 11:12:35 +00:00	NULL	NULL
2165	EYGPGJ1v	512	79	3	sunleyJ@parliament.uk	2021-01-19 11:12:51 +00:00	NULL	NULL
2166	umYBLlIG	79	317	3	sunleyJ@parliament.uk	2021-01-19 11:13:07 +00:00	NULL	NULL
2167	aF2BVGCj	79	318	3	sunleyJ@parliament.uk	2021-01-19 11:13:21 +00:00	NULL	NULL
2168	zha0t0vK	317	457	3	sunleyJ@parliament.uk	2021-01-19 11:13:33 +00:00	NULL	NULL
2169	skXdoaKf	457	369	3	sunleyJ@parliament.uk	2021-01-19 11:13:46 +00:00	NULL	NULL
2170	QXAiP6aN	318	458	3	sunleyJ@parliament.uk	2021-01-25 15:40:00 +00:00	NULL	NULL
2171	gLP0dc49	458	370	3	sunleyJ@parliament.uk	2021-01-19 11:14:21 +00:00	NULL	NULL
2172	Dex0N8jy	418	417	3	sunleyJ@parliament.uk	2021-01-19 11:14:55 +00:00	NULL	NULL
2173	X9U1mOb9	35	418	3	sunleyJ@parliament.uk	2021-01-19 11:15:21 +00:00	NULL	NULL
2174	FDqy6yca	13	418	3	sunleyJ@parliament.uk	2021-01-19 11:15:48 +00:00	NULL	NULL
2175	AXSBgsTD	417	322	3	sunleyJ@parliament.uk	2021-01-19 11:16:03 +00:00	NULL	NULL
2176	y28P8dMe	322	402	3	sunleyJ@parliament.uk	2021-01-19 11:16:16 +00:00	NULL	NULL
2177	wOrIegHJ	12	402	3	sunleyJ@parliament.uk	2021-01-19 11:16:36 +00:00	NULL	NULL
2178	UaGsdhGO	402	401	3	sunleyJ@parliament.uk	2021-01-19 11:16:48 +00:00	NULL	NULL
2179	076ap4IK	401	111	3	sunleyJ@parliament.uk	2021-01-19 11:16:59 +00:00	NULL	NULL
2180	s1EMrt5T	111	459	3	sunleyJ@parliament.uk	2021-01-19 11:17:13 +00:00	NULL	NULL
2181	I4gycV3L	459	401	3	sunleyJ@parliament.uk	2021-01-19 11:17:26 +00:00	NULL	NULL
2182	He97LziA	4	311	3	sunleyJ@parliament.uk	2021-01-19 11:17:58 +00:00	NULL	NULL
2183	WbG36wYs	311	310	3	sunleyJ@parliament.uk	2021-01-19 11:18:11 +00:00	NULL	NULL
2184	0ZMeQVBW	310	200	3	sunleyJ@parliament.uk	2021-01-19 11:18:24 +00:00	NULL	NULL
2185	sojH8Uvt	4	308	3	sunleyJ@parliament.uk	2021-01-19 11:18:39 +00:00	NULL	NULL
2186	nITKzx86	308	307	3	sunleyJ@parliament.uk	2021-01-19 11:18:50 +00:00	NULL	NULL
2187	tgN8xLGG	307	4	3	sunleyJ@parliament.uk	2021-01-19 11:19:01 +00:00	NULL	NULL
2188	Q5THHSc8	4	314	3	sunleyJ@parliament.uk	2021-01-19 11:19:17 +00:00	NULL	NULL
2190	2yKxnpjH	12	325	3	sunleyJ@parliament.uk	2021-01-19 11:19:50 +00:00	NULL	NULL
2191	jGS1I6sa	325	314	3	sunleyJ@parliament.uk	2021-01-19 11:20:07 +00:00	NULL	NULL
2192	WcmBY0qm	314	315	3	sunleyJ@parliament.uk	2021-01-19 11:20:21 +00:00	NULL	NULL
2193	xnB8QrkQ	316	315	3	sunleyJ@parliament.uk	2021-01-19 11:20:35 +00:00	NULL	NULL
2194	PTi09x3A	315	323	3	sunleyJ@parliament.uk	2021-01-19 11:20:49 +00:00	NULL	NULL
2195	1xe6EQ2t	323	10	3	sunleyJ@parliament.uk	2021-01-19 11:21:01 +00:00	NULL	NULL
2196	SX3XWnHm	10	319	3	sunleyJ@parliament.uk	2021-01-19 11:21:14 +00:00	NULL	NULL
2197	gV8v3iAr	319	323	3	sunleyJ@parliament.uk	2021-01-19 11:21:38 +00:00	NULL	NULL
2198	9ompk6Nr	10	327	3	sunleyJ@parliament.uk	2021-01-19 11:32:08 +00:00	NULL	NULL
2199	B2TkiuMD	10	326	3	sunleyJ@parliament.uk	2021-01-19 11:33:40 +00:00	NULL	NULL
2200	MDvxn4Wu	326	309	3	sunleyJ@parliament.uk	2021-01-19 11:34:01 +00:00	NULL	NULL
2201	8VnFWJU2	309	69	3	sunleyJ@parliament.uk	2021-01-19 11:34:12 +00:00	NULL	NULL
2202	Un7xXqVW	69	286	3	sunleyJ@parliament.uk	2021-01-19 11:34:25 +00:00	NULL	NULL
2203	CdpHuAHY	69	290	3	sunleyJ@parliament.uk	2021-01-19 11:34:42 +00:00	NULL	NULL
2204	SNhmiOc1	286	328	3	sunleyJ@parliament.uk	2021-02-11 13:26:18 +00:00	NULL	NULL
2205	qDgpteBN	328	326	3	sunleyJ@parliament.uk	2021-02-11 13:26:53 +00:00	NULL	NULL
2206	2amfP2FZ	70	286	3	sunleyJ@parliament.uk	2021-01-19 11:39:14 +00:00	NULL	NULL
2207	T9ha9999	70	290	3	sunleyJ@parliament.uk	2021-01-19 11:39:28 +00:00	NULL	NULL
2208	xgYbC9vX	290	405	3	sunleyJ@parliament.uk	2021-01-19 11:39:42 +00:00	NULL	NULL
2209	78G2rjUm	405	327	3	sunleyJ@parliament.uk	2021-01-19 11:39:56 +00:00	NULL	NULL
2210	3KLg5cAi	327	320	3	sunleyJ@parliament.uk	2021-01-19 11:40:13 +00:00	NULL	NULL
2211	gPUasVus	320	70	3	sunleyJ@parliament.uk	2021-01-19 11:40:26 +00:00	NULL	NULL
2212	yQMdYtmy	406	299	3	sunleyJ@parliament.uk	2021-01-19 11:40:42 +00:00	NULL	NULL
2213	JuN8pZe7	299	321	3	sunleyJ@parliament.uk	2021-01-19 11:40:58 +00:00	NULL	NULL
2214	l6sKbQXX	321	6	3	sunleyJ@parliament.uk	2021-01-19 11:41:23 +00:00	NULL	NULL
2216	PU0t6YVP	538	4	3	sunleyJ@parliament.uk	2021-01-19 11:53:37 +00:00	NULL	NULL
2217	XavPLBdO	99	538	3	sunleyJ@parliament.uk	2021-01-19 11:53:49 +00:00	NULL	NULL
2218	VGa3JXQ0	538	285	3	sunleyJ@parliament.uk	2021-01-19 11:54:04 +00:00	NULL	NULL
2219	vZpBuao6	234	538	3	sunleyJ@parliament.uk	2021-01-19 11:54:26 +00:00	NULL	NULL
2220	4oMuFyjH	233	538	3	sunleyJ@parliament.uk	2021-01-19 11:54:42 +00:00	NULL	NULL
2222	xdhjZiKC	539	538	3	sunleyJ@parliament.uk	2021-01-19 11:57:21 +00:00	NULL	NULL
2223	GvcQnOlU	4	539	3	sunleyJ@parliament.uk	2021-01-19 11:58:50 +00:00	NULL	NULL
2225	Qt8mW0C5	15	539	3	sunleyJ@parliament.uk	2021-01-19 11:58:06 +00:00	NULL	NULL
2226	aeBpft0h	282	540	3	sunleyJ@parliament.uk	2021-01-19 12:01:58 +00:00	NULL	NULL
2227	YrT2EMZw	540	281	3	sunleyJ@parliament.uk	2021-01-19 12:02:11 +00:00	NULL	NULL
2228	2c0lSbvX	4	540	3	sunleyJ@parliament.uk	2021-01-19 12:02:24 +00:00	NULL	NULL
2229	zMVPov8H	539	540	3	sunleyJ@parliament.uk	2021-01-19 12:02:51 +00:00	NULL	NULL
2230	dVjZXXdT	540	15	3	sunleyJ@parliament.uk	2021-01-19 12:03:03 +00:00	NULL	NULL
2231	xjF0w346	285	540	3	sunleyJ@parliament.uk	2021-01-19 12:03:14 +00:00	NULL	NULL
2279	DCdVUYeg	57	291	3	sunleyJ@parliament.uk	2021-01-21 15:34:23 +00:00	NULL	NULL
2280	K8MdeNcM	57	295	3	sunleyJ@parliament.uk	2021-01-21 15:34:45 +00:00	NULL	NULL
2281	m58pUByd	6	291	3	sunleyJ@parliament.uk	2021-01-21 15:35:04 +00:00	NULL	NULL
2283	1mxzCnHI	324	24	3	sunleyJ@parliament.uk	2021-01-21 15:37:11 +00:00	NULL	NULL
2284	PWg2AYgu	24	489	3	sunleyJ@parliament.uk	2021-01-21 15:37:26 +00:00	NULL	NULL
2285	plkKUOqD	489	206	3	sunleyJ@parliament.uk	2021-01-21 15:37:41 +00:00	NULL	NULL
2286	Dls441up	24	351	3	sunleyJ@parliament.uk	2021-01-21 15:38:16 +00:00	NULL	NULL
2287	xR490WCb	6	295	3	sunleyJ@parliament.uk	2021-01-21 15:38:54 +00:00	NULL	NULL
2289	n5dE8fOo	331	490	3	sunleyJ@parliament.uk	2021-01-21 15:39:40 +00:00	NULL	NULL
2290	bUt74xKU	34	409	3	sunleyJ@parliament.uk	2021-01-21 15:40:04 +00:00	NULL	NULL
2291	pO1YbwVo	409	331	3	sunleyJ@parliament.uk	2021-01-21 15:40:20 +00:00	NULL	NULL
2292	PR614Dl6	490	34	3	sunleyJ@parliament.uk	2021-02-11 12:12:22 +00:00	2015-10-22 00:00:00 +00:00	2020-06-02 00:00:00 +00:00
2293	CKZFd602	34	334	3	sunleyJ@parliament.uk	2021-01-21 15:42:11 +00:00	NULL	NULL
2294	oW9yvPa7	34	338	3	sunleyJ@parliament.uk	2021-01-21 15:42:30 +00:00	NULL	NULL
2295	WE1u22br	34	343	3	sunleyJ@parliament.uk	2021-01-21 15:42:44 +00:00	NULL	NULL
2296	sPgVZdhh	34	347	3	sunleyJ@parliament.uk	2021-01-21 15:43:02 +00:00	NULL	NULL
2297	zc7meVsP	334	335	3	sunleyJ@parliament.uk	2021-01-21 15:43:42 +00:00	NULL	NULL
2298	HYlbdt9i	335	336	3	sunleyJ@parliament.uk	2021-01-21 15:43:55 +00:00	NULL	NULL
2299	VmjhMRXY	336	337	3	sunleyJ@parliament.uk	2021-01-21 15:44:16 +00:00	NULL	NULL
2300	JgdzpNDB	337	497	3	sunleyJ@parliament.uk	2021-01-21 15:44:31 +00:00	NULL	NULL
2301	4oc2ajdT	497	68	3	sunleyJ@parliament.uk	2021-01-21 15:44:47 +00:00	NULL	NULL
2302	zY6GpAg5	68	416	3	sunleyJ@parliament.uk	2021-01-21 15:45:04 +00:00	NULL	NULL
2303	QrlN9gzi	416	337	3	sunleyJ@parliament.uk	2021-01-21 15:45:27 +00:00	NULL	NULL
2304	DViDWdaN	338	339	3	sunleyJ@parliament.uk	2021-01-21 15:45:56 +00:00	NULL	NULL
2305	PIIYF8Y6	339	340	3	sunleyJ@parliament.uk	2021-01-21 15:46:12 +00:00	NULL	NULL
2306	FAAhy66K	340	341	3	sunleyJ@parliament.uk	2021-01-21 15:46:31 +00:00	NULL	NULL
2307	wodiBHp2	341	498	3	sunleyJ@parliament.uk	2021-01-21 15:46:45 +00:00	NULL	NULL
2308	a92bYkcS	498	74	3	sunleyJ@parliament.uk	2021-01-21 15:47:01 +00:00	NULL	NULL
2309	jr1uvzf9	74	429	3	sunleyJ@parliament.uk	2021-01-21 15:47:16 +00:00	NULL	NULL
2310	dVdo1jRI	429	341	3	sunleyJ@parliament.uk	2021-01-21 15:47:28 +00:00	NULL	NULL
2311	YNNTi8tf	343	344	3	sunleyJ@parliament.uk	2021-01-21 15:47:54 +00:00	NULL	NULL
2312	Ya3Bp7Zm	344	345	3	sunleyJ@parliament.uk	2021-01-21 15:48:10 +00:00	NULL	NULL
2313	gaLqmjAP	345	346	3	sunleyJ@parliament.uk	2021-01-21 15:48:23 +00:00	NULL	NULL
2314	UoKVBKVY	346	499	3	sunleyJ@parliament.uk	2021-01-21 15:48:36 +00:00	NULL	NULL
2315	EzjOgbJ5	499	75	3	sunleyJ@parliament.uk	2021-01-21 15:48:50 +00:00	NULL	NULL
2316	OPgrWZ55	75	430	3	sunleyJ@parliament.uk	2021-01-21 15:49:04 +00:00	NULL	NULL
2317	I2yu1OON	430	346	3	sunleyJ@parliament.uk	2021-01-21 15:49:19 +00:00	NULL	NULL
2318	PG6TUcaD	347	348	3	sunleyJ@parliament.uk	2021-01-21 15:49:44 +00:00	NULL	NULL
2319	eJyFTd7y	348	349	3	sunleyJ@parliament.uk	2021-01-21 15:49:58 +00:00	NULL	NULL
2320	ZTAcYH5Z	349	350	3	sunleyJ@parliament.uk	2021-01-21 15:50:14 +00:00	NULL	NULL
2321	wrnVLiJ3	350	500	3	sunleyJ@parliament.uk	2021-01-21 15:50:29 +00:00	NULL	NULL
2322	8Ef8rvsB	500	94	3	sunleyJ@parliament.uk	2021-01-21 15:50:43 +00:00	NULL	NULL
2323	7oqw9NnT	94	431	3	sunleyJ@parliament.uk	2021-01-21 15:51:02 +00:00	NULL	NULL
2324	erPpPE57	431	350	3	sunleyJ@parliament.uk	2021-01-21 15:51:19 +00:00	NULL	NULL
2325	YRZYEtAw	413	339	3	sunleyJ@parliament.uk	2021-01-21 15:51:46 +00:00	NULL	NULL
2326	6PEvaJhj	414	344	3	sunleyJ@parliament.uk	2021-01-21 15:52:08 +00:00	NULL	NULL
2327	Tb5B9TiU	68	412	3	sunleyJ@parliament.uk	2021-01-21 15:52:28 +00:00	NULL	NULL
2328	UIIstwWR	412	340	3	sunleyJ@parliament.uk	2021-01-21 15:52:41 +00:00	NULL	NULL
2329	UNiMsqtf	410	343	3	sunleyJ@parliament.uk	2021-01-21 15:53:03 +00:00	NULL	NULL
2330	yU2TSgiq	411	338	3	sunleyJ@parliament.uk	2021-01-21 15:53:23 +00:00	NULL	NULL
2331	AiapqoWz	74	414	3	sunleyJ@parliament.uk	2021-01-21 15:53:44 +00:00	NULL	NULL
2332	OJhoWXy3	75	413	3	sunleyJ@parliament.uk	2021-01-21 15:54:02 +00:00	NULL	NULL
2333	9HBfRq89	415	345	3	sunleyJ@parliament.uk	2021-01-21 15:54:17 +00:00	NULL	NULL
2334	EIrb8vPW	94	415	3	sunleyJ@parliament.uk	2021-01-21 15:54:38 +00:00	NULL	NULL
2335	GMnYfPtI	94	411	3	sunleyJ@parliament.uk	2021-01-21 15:54:53 +00:00	NULL	NULL
2336	MtlzqWkh	68	410	3	sunleyJ@parliament.uk	2021-01-21 15:55:15 +00:00	NULL	NULL
2337	3g8obaqb	68	434	3	sunleyJ@parliament.uk	2021-01-21 15:55:38 +00:00	NULL	NULL
2338	vmUffJ8X	74	435	3	sunleyJ@parliament.uk	2021-01-21 15:55:53 +00:00	NULL	NULL
2339	nD3nuSvy	74	436	3	sunleyJ@parliament.uk	2021-01-21 15:56:08 +00:00	NULL	NULL
2340	Vkx0zEZi	75	437	3	sunleyJ@parliament.uk	2021-01-21 15:56:42 +00:00	NULL	NULL
2341	h4tNOm1B	75	438	3	sunleyJ@parliament.uk	2021-01-21 15:57:06 +00:00	NULL	NULL
2342	K8iRXH9L	94	439	3	sunleyJ@parliament.uk	2021-01-21 15:57:21 +00:00	NULL	NULL
2343	npAEcFq4	434	347	3	sunleyJ@parliament.uk	2021-01-21 15:57:43 +00:00	NULL	NULL
2344	01yBf0ZX	435	336	3	sunleyJ@parliament.uk	2021-01-21 15:58:04 +00:00	NULL	NULL
2345	fgD6bPET	436	348	3	sunleyJ@parliament.uk	2021-01-21 15:58:27 +00:00	NULL	NULL
2346	PTQksrJ9	438	349	3	sunleyJ@parliament.uk	2021-01-21 15:58:52 +00:00	NULL	NULL
2347	UC8clqFU	439	334	3	sunleyJ@parliament.uk	2021-01-21 15:59:09 +00:00	NULL	NULL
2348	3i5K1Yys	437	335	3	sunleyJ@parliament.uk	2021-01-21 15:59:35 +00:00	NULL	NULL
2349	x9GKhGOd	57	491	3	sunleyJ@parliament.uk	2021-01-21 16:00:33 +00:00	NULL	NULL
2350	3IyskN6f	491	183	3	sunleyJ@parliament.uk	2021-01-21 16:01:15 +00:00	NULL	NULL
2351	q5bUIR4Z	57	302	3	sunleyJ@parliament.uk	2021-01-21 16:01:43 +00:00	NULL	NULL
2352	MwfgAt1O	57	329	3	sunleyJ@parliament.uk	2021-01-21 16:02:06 +00:00	NULL	NULL
2353	ujfcE6qq	329	492	3	sunleyJ@parliament.uk	2021-01-21 16:02:21 +00:00	NULL	NULL
2354	cI8L2ILW	492	204	3	sunleyJ@parliament.uk	2021-01-21 16:02:43 +00:00	NULL	NULL
2355	zyuzBoTk	57	330	3	sunleyJ@parliament.uk	2021-01-21 16:03:05 +00:00	NULL	NULL
2356	uz6iefbL	330	493	3	sunleyJ@parliament.uk	2021-01-21 16:03:36 +00:00	NULL	NULL
2357	2VPiTsh1	493	83	3	sunleyJ@parliament.uk	2021-01-21 16:03:52 +00:00	NULL	NULL
2358	cEErobKa	83	444	3	sunleyJ@parliament.uk	2021-01-21 16:04:11 +00:00	NULL	NULL
2359	27cPO9hT	204	445	3	sunleyJ@parliament.uk	2021-01-21 16:04:34 +00:00	NULL	NULL
2360	AAcYp6gw	407	329	3	sunleyJ@parliament.uk	2021-01-21 16:04:57 +00:00	NULL	NULL
2361	i8tmj2La	408	330	3	sunleyJ@parliament.uk	2021-01-21 16:05:11 +00:00	NULL	NULL
2362	L4UEjHks	77	407	3	sunleyJ@parliament.uk	2021-01-21 16:05:42 +00:00	NULL	NULL
2363	OOVccs5M	77	408	3	sunleyJ@parliament.uk	2021-01-21 16:06:04 +00:00	NULL	NULL
2364	oPRcxhYv	6	494	3	sunleyJ@parliament.uk	2021-01-21 16:06:29 +00:00	NULL	NULL
2365	3sQEDWvn	494	186	3	sunleyJ@parliament.uk	2021-01-21 16:06:45 +00:00	NULL	NULL
2366	W1H1p4l0	6	302	3	sunleyJ@parliament.uk	2021-01-21 16:07:05 +00:00	NULL	NULL
2367	k4dgNtEr	6	332	3	sunleyJ@parliament.uk	2021-01-21 16:07:23 +00:00	NULL	NULL
2368	CPbFt6If	6	333	3	sunleyJ@parliament.uk	2021-01-21 16:07:45 +00:00	NULL	NULL
2369	ITmhuK31	332	495	3	sunleyJ@parliament.uk	2021-01-21 16:08:07 +00:00	NULL	NULL
2370	JLUvlndA	495	211	3	sunleyJ@parliament.uk	2021-01-21 16:08:32 +00:00	NULL	NULL
2371	DogUziG9	211	447	3	sunleyJ@parliament.uk	2021-01-21 16:08:52 +00:00	NULL	NULL
2372	ugTrC3Rd	432	332	3	sunleyJ@parliament.uk	2021-01-21 16:09:19 +00:00	NULL	NULL
2373	yNoSJEfV	433	333	3	sunleyJ@parliament.uk	2021-01-21 16:09:36 +00:00	NULL	NULL
2374	EvLqqB7N	333	496	3	sunleyJ@parliament.uk	2021-01-21 16:09:51 +00:00	NULL	NULL
2375	l4JuKABe	496	76	3	sunleyJ@parliament.uk	2021-01-21 16:10:06 +00:00	NULL	NULL
2376	kl0bnb7S	76	446	3	sunleyJ@parliament.uk	2021-01-21 16:10:28 +00:00	NULL	NULL
2377	2zTd2veo	22	432	3	sunleyJ@parliament.uk	2021-01-21 16:10:55 +00:00	NULL	NULL
2378	CaiO7wuU	22	433	3	sunleyJ@parliament.uk	2021-01-21 16:11:12 +00:00	NULL	NULL
2379	CXHc50Qa	12	453	3	sunleyJ@parliament.uk	2021-01-26 15:49:38 +00:00	NULL	NULL
2380	XPK4pr22	351	352	3	sunleyJ@parliament.uk	2021-01-21 16:12:39 +00:00	NULL	NULL
2381	N2gVbxOT	352	501	3	sunleyJ@parliament.uk	2021-01-21 16:12:53 +00:00	NULL	NULL
2382	nuVrYIku	501	38	3	sunleyJ@parliament.uk	2021-01-21 16:13:08 +00:00	NULL	NULL
2383	bplMZSaZ	38	440	3	sunleyJ@parliament.uk	2021-01-21 16:13:20 +00:00	NULL	NULL
2384	mGOBnKeh	440	351	3	sunleyJ@parliament.uk	2021-01-21 16:13:31 +00:00	NULL	NULL
2385	D8g1wPjd	302	353	3	sunleyJ@parliament.uk	2021-01-21 16:13:49 +00:00	NULL	NULL
2386	gQ7r7Fwh	353	354	3	sunleyJ@parliament.uk	2021-01-21 16:14:04 +00:00	NULL	NULL
2387	1GQkIv9P	354	502	3	sunleyJ@parliament.uk	2021-01-21 16:14:17 +00:00	NULL	NULL
2388	Tr9UF9y7	502	23	3	sunleyJ@parliament.uk	2021-01-21 16:14:30 +00:00	NULL	NULL
2389	krZ0GSOO	23	443	3	sunleyJ@parliament.uk	2021-01-21 16:14:46 +00:00	NULL	NULL
2390	8MXnhRAt	443	354	3	sunleyJ@parliament.uk	2021-01-21 16:14:59 +00:00	NULL	NULL
2391	Ji60k4nk	23	441	3	sunleyJ@parliament.uk	2021-01-21 16:15:16 +00:00	NULL	NULL
2392	EZEsNVAg	441	352	3	sunleyJ@parliament.uk	2021-01-21 16:15:31 +00:00	NULL	NULL
2393	dhVLfTOO	38	442	3	sunleyJ@parliament.uk	2021-01-21 16:15:45 +00:00	NULL	NULL
2394	WS4iX7B1	442	353	3	sunleyJ@parliament.uk	2021-01-21 16:15:58 +00:00	NULL	NULL
2395	N0RYuW4U	38	303	3	sunleyJ@parliament.uk	2021-01-21 16:16:26 +00:00	NULL	NULL
2396	NamYpwam	38	304	3	sunleyJ@parliament.uk	2021-01-21 16:16:42 +00:00	NULL	NULL
2397	VDwIHVuM	23	303	3	sunleyJ@parliament.uk	2021-01-21 16:16:58 +00:00	NULL	NULL
2398	Q4PZb9mT	23	304	3	sunleyJ@parliament.uk	2021-01-21 16:17:10 +00:00	NULL	NULL
2399	zgJ7wzxI	303	355	3	sunleyJ@parliament.uk	2021-01-21 16:17:21 +00:00	NULL	NULL
2400	33hiWtBZ	444	355	3	sunleyJ@parliament.uk	2021-01-21 16:17:34 +00:00	NULL	NULL
2401	ELBhIwiO	445	356	3	sunleyJ@parliament.uk	2021-01-21 16:17:47 +00:00	NULL	NULL
2402	rovZpRx3	355	356	3	sunleyJ@parliament.uk	2021-01-21 16:17:58 +00:00	NULL	NULL
2403	2KGs7oga	356	503	3	sunleyJ@parliament.uk	2021-01-21 16:18:18 +00:00	NULL	NULL
2404	hLSSccLA	503	77	3	sunleyJ@parliament.uk	2021-01-21 16:18:41 +00:00	NULL	NULL
2405	JKk4jELc	77	505	3	sunleyJ@parliament.uk	2021-01-21 16:19:06 +00:00	NULL	NULL
2406	eoNwwU74	505	209	3	sunleyJ@parliament.uk	2021-01-21 16:19:25 +00:00	NULL	NULL
2407	lXsivVoH	304	357	3	sunleyJ@parliament.uk	2021-01-21 16:19:39 +00:00	NULL	NULL
2408	IMqBGKyj	446	357	3	sunleyJ@parliament.uk	2021-01-21 16:19:50 +00:00	NULL	NULL
2409	Uqna06lP	357	358	3	sunleyJ@parliament.uk	2021-01-21 16:20:06 +00:00	NULL	NULL
2410	26zFSn7t	447	358	3	sunleyJ@parliament.uk	2021-01-21 16:20:21 +00:00	NULL	NULL
2412	G9i9hfcp	448	359	3	sunleyJ@parliament.uk	2021-01-21 16:20:49 +00:00	NULL	NULL
2413	Q9ZMb61H	359	504	3	sunleyJ@parliament.uk	2021-01-21 16:21:01 +00:00	NULL	NULL
2414	os7sx9wy	504	22	3	sunleyJ@parliament.uk	2021-01-21 16:21:18 +00:00	NULL	NULL
2415	XapNVO3Y	22	506	3	sunleyJ@parliament.uk	2021-01-21 16:21:36 +00:00	NULL	NULL
2416	UNZxOojC	506	166	3	sunleyJ@parliament.uk	2021-01-21 16:21:54 +00:00	NULL	NULL
2417	5Y0i8l82	77	360	3	sunleyJ@parliament.uk	2021-01-21 16:29:30 +00:00	NULL	NULL
2418	miCJmJRn	360	507	3	sunleyJ@parliament.uk	2021-01-21 16:29:46 +00:00	NULL	NULL
2419	B7jLJHQ1	507	90	3	sunleyJ@parliament.uk	2021-01-21 16:30:05 +00:00	NULL	NULL
2420	9rJXZWS3	77	361	3	sunleyJ@parliament.uk	2021-01-21 16:30:30 +00:00	NULL	NULL
2421	g8xnoAH2	361	508	3	sunleyJ@parliament.uk	2021-01-21 16:30:42 +00:00	NULL	NULL
2422	gzrRGxj5	508	95	3	sunleyJ@parliament.uk	2021-01-21 16:30:59 +00:00	NULL	NULL
2423	iLKmOiMm	95	449	3	sunleyJ@parliament.uk	2021-01-21 16:31:24 +00:00	NULL	NULL
2424	3E5Mtx1E	449	360	3	sunleyJ@parliament.uk	2021-01-21 16:31:36 +00:00	NULL	NULL
2425	OaYgDDtY	90	450	3	sunleyJ@parliament.uk	2021-01-21 16:31:55 +00:00	NULL	NULL
2426	yNxlqEtN	450	361	3	sunleyJ@parliament.uk	2021-01-21 16:32:07 +00:00	NULL	NULL
2427	LiWggW3F	22	362	3	sunleyJ@parliament.uk	2021-01-21 16:32:25 +00:00	NULL	NULL
2428	0tVspLMz	362	509	3	sunleyJ@parliament.uk	2021-01-21 16:32:42 +00:00	NULL	NULL
2429	OlQQ5JKD	509	37	3	sunleyJ@parliament.uk	2021-01-21 16:33:01 +00:00	NULL	NULL
2430	JH4Euxzi	22	363	3	sunleyJ@parliament.uk	2021-01-21 16:33:20 +00:00	NULL	NULL
2431	AK7jXsKS	363	510	3	sunleyJ@parliament.uk	2021-01-21 16:33:35 +00:00	NULL	NULL
2432	7whmEDX5	510	35	3	sunleyJ@parliament.uk	2021-01-21 16:33:49 +00:00	NULL	NULL
2433	S17nOUFr	35	452	3	sunleyJ@parliament.uk	2021-01-21 16:34:02 +00:00	NULL	NULL
2434	ylGUoikf	452	363	3	sunleyJ@parliament.uk	2021-01-21 16:34:15 +00:00	NULL	NULL
2435	qLkTzNBI	35	451	3	sunleyJ@parliament.uk	2021-01-21 16:34:28 +00:00	NULL	NULL
2436	qIetHk2b	451	362	3	sunleyJ@parliament.uk	2021-01-21 16:34:42 +00:00	NULL	NULL
2437	RR4LabAL	35	312	3	sunleyJ@parliament.uk	2021-01-21 16:35:00 +00:00	NULL	NULL
2438	xNtr8QSe	312	313	3	sunleyJ@parliament.uk	2021-01-21 16:35:12 +00:00	NULL	NULL
2439	q9xbfip6	313	364	3	sunleyJ@parliament.uk	2021-01-21 16:35:26 +00:00	NULL	NULL
2440	R91zOGcy	453	364	3	sunleyJ@parliament.uk	2021-01-21 16:35:42 +00:00	NULL	NULL
2441	QwWwpgnU	364	365	3	sunleyJ@parliament.uk	2021-01-21 16:35:55 +00:00	NULL	NULL
2442	RLOP2j0c	365	110	3	sunleyJ@parliament.uk	2021-01-21 16:36:14 +00:00	NULL	NULL
2443	e3QzYGn8	110	454	3	sunleyJ@parliament.uk	2021-01-21 16:36:27 +00:00	NULL	NULL
2444	svtlBPx5	454	365	3	sunleyJ@parliament.uk	2021-01-21 16:36:38 +00:00	NULL	NULL
2445	mOy8faZw	12	460	3	sunleyJ@parliament.uk	2021-01-21 16:37:27 +00:00	NULL	NULL
2446	OeLaa3lz	460	372	3	sunleyJ@parliament.uk	2021-01-21 16:37:42 +00:00	NULL	NULL
2447	VgMOGTt2	372	201	3	sunleyJ@parliament.uk	2021-01-21 16:37:57 +00:00	NULL	NULL
2448	rf1XvNIE	12	461	3	sunleyJ@parliament.uk	2021-01-21 16:38:25 +00:00	NULL	NULL
2449	qNt3eBWy	461	371	3	sunleyJ@parliament.uk	2021-01-21 16:38:37 +00:00	NULL	NULL
2450	RVJHhEt5	371	513	3	sunleyJ@parliament.uk	2021-01-21 16:38:51 +00:00	NULL	NULL
2451	Nf7VzF87	513	12	3	sunleyJ@parliament.uk	2021-01-21 16:39:04 +00:00	NULL	NULL
2452	mPdZsHEQ	12	514	3	sunleyJ@parliament.uk	2021-01-21 16:39:33 +00:00	NULL	NULL
2453	iX0bnGeQ	514	194	3	sunleyJ@parliament.uk	2021-01-21 16:39:59 +00:00	NULL	NULL
2454	3QG9QkrH	194	373	3	sunleyJ@parliament.uk	2021-01-21 16:40:24 +00:00	NULL	NULL
2455	F5AqKWMk	373	515	3	sunleyJ@parliament.uk	2021-01-21 16:40:39 +00:00	NULL	NULL
2456	Frc5FJS7	515	207	3	sunleyJ@parliament.uk	2021-01-21 16:41:13 +00:00	NULL	NULL
2457	iGmLBC7B	207	421	3	sunleyJ@parliament.uk	2021-01-21 16:41:30 +00:00	NULL	NULL
2458	2jrCqizz	194	374	3	sunleyJ@parliament.uk	2021-01-21 16:41:49 +00:00	NULL	NULL
2459	cP3wUrXD	374	516	3	sunleyJ@parliament.uk	2021-01-21 16:43:09 +00:00	NULL	NULL
2460	1SCF6REr	516	195	3	sunleyJ@parliament.uk	2021-01-21 16:43:28 +00:00	NULL	NULL
2461	atoiAL64	195	421	3	sunleyJ@parliament.uk	2021-01-21 16:43:55 +00:00	NULL	NULL
2462	nWF3IbzG	421	464	3	sunleyJ@parliament.uk	2021-01-21 16:44:22 +00:00	NULL	NULL
2463	O0hKKhtn	464	375	3	sunleyJ@parliament.uk	2021-01-21 16:44:41 +00:00	NULL	NULL
2464	FFIkLgZ9	194	375	3	sunleyJ@parliament.uk	2021-01-21 16:45:01 +00:00	NULL	NULL
2465	jWNX9c8L	375	517	3	sunleyJ@parliament.uk	2021-01-21 16:45:16 +00:00	NULL	NULL
2466	rg55lJKd	517	198	3	sunleyJ@parliament.uk	2021-01-21 16:45:35 +00:00	NULL	NULL
2467	gvcO9QK5	198	462	3	sunleyJ@parliament.uk	2021-01-21 16:45:52 +00:00	NULL	NULL
2468	2FUdJA1I	462	373	3	sunleyJ@parliament.uk	2021-01-21 16:46:08 +00:00	NULL	NULL
2469	zzUqSRal	198	463	3	sunleyJ@parliament.uk	2021-01-21 16:46:35 +00:00	NULL	NULL
2470	rFeNkQ3C	463	374	3	sunleyJ@parliament.uk	2021-01-21 16:46:49 +00:00	NULL	NULL
2471	5vge88tE	12	522	3	sunleyJ@parliament.uk	2021-01-21 16:47:09 +00:00	NULL	NULL
2472	WfhhjCMV	522	5	3	sunleyJ@parliament.uk	2021-01-21 16:47:33 +00:00	NULL	NULL
2474	inkH4PTR	384	523	3	sunleyJ@parliament.uk	2021-01-21 16:48:05 +00:00	NULL	NULL
2475	GKuhY9YE	523	47	3	sunleyJ@parliament.uk	2021-01-21 16:48:23 +00:00	NULL	NULL
2476	HphVu5JX	467	384	3	sunleyJ@parliament.uk	2021-01-21 16:50:48 +00:00	NULL	NULL
2477	3Ot9PE8o	12	376	3	sunleyJ@parliament.uk	2021-01-21 16:51:07 +00:00	NULL	NULL
2478	O8h0kCUt	468	376	3	sunleyJ@parliament.uk	2021-01-21 16:51:31 +00:00	NULL	NULL
2479	za98yFbm	376	377	3	sunleyJ@parliament.uk	2021-01-21 16:51:52 +00:00	NULL	NULL
2480	WH1BAsei	377	19	3	sunleyJ@parliament.uk	2021-01-21 16:52:14 +00:00	NULL	NULL
2481	gqUa3Ogg	19	469	3	sunleyJ@parliament.uk	2021-01-21 16:52:30 +00:00	NULL	NULL
2482	PrxiFB3e	469	377	3	sunleyJ@parliament.uk	2021-01-21 16:52:45 +00:00	NULL	NULL
2483	Ql40o8sJ	526	41	3	sunleyJ@parliament.uk	2021-01-21 16:53:21 +00:00	NULL	NULL
2484	oOguxRvm	385	526	3	sunleyJ@parliament.uk	2021-01-21 16:53:37 +00:00	NULL	NULL
2485	0YGEDaqp	41	482	3	sunleyJ@parliament.uk	2021-01-21 16:54:03 +00:00	NULL	NULL
2486	AP5HB5Kn	5	385	3	sunleyJ@parliament.uk	2021-01-21 16:54:29 +00:00	NULL	NULL
2487	ckZsQTfv	465	385	3	sunleyJ@parliament.uk	2021-01-21 16:54:43 +00:00	NULL	NULL
2488	ObcsfbLR	48	465	3	sunleyJ@parliament.uk	2021-01-21 16:55:09 +00:00	NULL	NULL
2489	qji33u5h	5	386	3	sunleyJ@parliament.uk	2021-01-21 16:55:31 +00:00	NULL	NULL
2490	ypE5Y6vJ	386	527	3	sunleyJ@parliament.uk	2021-01-21 16:55:46 +00:00	NULL	NULL
2491	kzscZtGl	527	208	3	sunleyJ@parliament.uk	2021-01-21 16:56:06 +00:00	NULL	NULL
2492	VvDYaD9O	466	386	3	sunleyJ@parliament.uk	2021-01-21 16:56:25 +00:00	NULL	NULL
2493	zmgnI7VJ	48	466	3	sunleyJ@parliament.uk	2021-01-21 16:56:44 +00:00	NULL	NULL
2494	mAaw2Nq4	5	524	3	sunleyJ@parliament.uk	2021-01-21 16:57:17 +00:00	NULL	NULL
2495	S0W3G7yo	524	185	3	sunleyJ@parliament.uk	2021-01-21 16:57:37 +00:00	NULL	NULL
2496	vNFGAwWI	47	525	3	sunleyJ@parliament.uk	2021-01-21 16:58:03 +00:00	NULL	NULL
2497	P0A3A17S	525	187	3	sunleyJ@parliament.uk	2021-01-21 16:58:26 +00:00	NULL	NULL
2498	co73NzYu	5	424	3	sunleyJ@parliament.uk	2021-01-22 12:03:04 +00:00	NULL	NULL
2499	V9rxMc54	47	424	3	sunleyJ@parliament.uk	2021-01-22 12:03:20 +00:00	NULL	NULL
2500	2LK6vLKQ	424	528	3	sunleyJ@parliament.uk	2021-01-22 12:03:40 +00:00	NULL	NULL
2501	1zrOjTM7	528	21	3	sunleyJ@parliament.uk	2021-01-22 12:03:54 +00:00	NULL	NULL
2502	qrWfvbBb	21	426	3	sunleyJ@parliament.uk	2021-01-22 12:04:07 +00:00	NULL	NULL
2503	b3xP3d5U	208	481	3	sunleyJ@parliament.uk	2021-01-22 12:04:29 +00:00	NULL	NULL
2504	gicaYpxN	481	389	3	sunleyJ@parliament.uk	2021-01-22 12:04:43 +00:00	NULL	NULL
2505	ljwM4bkq	5	425	3	sunleyJ@parliament.uk	2021-01-22 12:05:00 +00:00	NULL	NULL
2506	Jb2lEQkL	47	425	3	sunleyJ@parliament.uk	2021-01-22 12:05:17 +00:00	NULL	NULL
2507	bqBLW55Z	47	387	3	sunleyJ@parliament.uk	2021-01-22 12:05:30 +00:00	NULL	NULL
2508	CC8BpdNb	47	388	3	sunleyJ@parliament.uk	2021-01-22 12:05:43 +00:00	NULL	NULL
2509	zCVvJ6EZ	387	529	3	sunleyJ@parliament.uk	2021-01-22 12:05:58 +00:00	NULL	NULL
2510	18tSITjr	529	82	3	sunleyJ@parliament.uk	2021-01-22 12:06:12 +00:00	NULL	NULL
2511	v5MUbVlD	82	479	3	sunleyJ@parliament.uk	2021-01-22 12:06:32 +00:00	NULL	NULL
2512	NYnZ9CGQ	471	387	3	sunleyJ@parliament.uk	2021-01-22 12:06:47 +00:00	NULL	NULL
2513	T3ftr8Pf	388	530	3	sunleyJ@parliament.uk	2021-01-22 12:07:04 +00:00	NULL	NULL
2514	ks34YPKg	530	212	3	sunleyJ@parliament.uk	2021-01-22 12:07:19 +00:00	NULL	NULL
2515	65NyuTrk	470	388	3	sunleyJ@parliament.uk	2021-01-22 12:07:33 +00:00	NULL	NULL
2516	Dha3QnJf	212	478	3	sunleyJ@parliament.uk	2021-01-22 12:07:49 +00:00	NULL	NULL
2517	Z7aLwFFO	425	531	3	sunleyJ@parliament.uk	2021-01-22 12:08:03 +00:00	NULL	NULL
2518	Pq0lRP5U	531	2	3	sunleyJ@parliament.uk	2021-01-22 12:08:20 +00:00	NULL	NULL
2519	tgIyCmtG	52	470	3	sunleyJ@parliament.uk	2021-01-22 12:08:37 +00:00	NULL	NULL
2520	fUAEEzkl	52	471	3	sunleyJ@parliament.uk	2021-01-22 12:08:52 +00:00	NULL	NULL
2521	D2SiRIN9	2	426	3	sunleyJ@parliament.uk	2021-01-22 12:09:05 +00:00	NULL	NULL
2523	Tf8isJTB	426	389	3	sunleyJ@parliament.uk	2021-01-22 12:09:36 +00:00	NULL	NULL
2524	d4iIdb5D	389	390	3	sunleyJ@parliament.uk	2021-01-22 12:09:48 +00:00	NULL	NULL
2525	Il6IuNT8	482	390	3	sunleyJ@parliament.uk	2021-01-22 12:10:00 +00:00	NULL	NULL
2526	aDRY7GyY	390	532	3	sunleyJ@parliament.uk	2021-01-22 12:10:14 +00:00	NULL	NULL
2527	QnYcx6q8	532	48	3	sunleyJ@parliament.uk	2021-01-22 12:10:31 +00:00	NULL	NULL
2528	T8mwjIV7	478	391	3	sunleyJ@parliament.uk	2021-01-22 12:10:43 +00:00	NULL	NULL
2529	Y8Vd8Lft	391	392	3	sunleyJ@parliament.uk	2021-01-22 12:10:58 +00:00	NULL	NULL
2530	pG9d4Yg7	479	392	3	sunleyJ@parliament.uk	2021-01-22 12:11:15 +00:00	NULL	NULL
2531	a28FYO5s	392	393	3	sunleyJ@parliament.uk	2021-01-22 12:11:27 +00:00	NULL	NULL
2532	DLZQUR3q	480	393	3	sunleyJ@parliament.uk	2021-01-22 12:11:44 +00:00	NULL	NULL
2533	pYZ5MQwd	393	533	3	sunleyJ@parliament.uk	2021-01-22 12:11:58 +00:00	NULL	NULL
2534	XOarcr94	533	52	3	sunleyJ@parliament.uk	2021-01-22 12:12:12 +00:00	NULL	NULL
2535	yQBO3zM3	48	394	3	sunleyJ@parliament.uk	2021-01-22 12:12:34 +00:00	NULL	NULL
2536	jTjpMUux	48	395	3	sunleyJ@parliament.uk	2021-01-22 12:12:49 +00:00	NULL	NULL
2537	Jz9bltJy	394	534	3	sunleyJ@parliament.uk	2021-01-22 12:13:09 +00:00	NULL	NULL
2538	mGyiHlFm	534	20	3	sunleyJ@parliament.uk	2021-01-22 12:13:27 +00:00	NULL	NULL
2539	xUeu5aXg	20	483	3	sunleyJ@parliament.uk	2021-01-22 12:13:47 +00:00	NULL	NULL
2540	rT3B1Io9	483	395	3	sunleyJ@parliament.uk	2021-01-22 12:13:59 +00:00	NULL	NULL
2541	YDcxbeuI	395	535	3	sunleyJ@parliament.uk	2021-01-22 12:14:12 +00:00	NULL	NULL
2542	JIo8Wpd5	535	7	3	sunleyJ@parliament.uk	2021-01-22 12:14:31 +00:00	NULL	NULL
2543	weVuVFDh	7	541	3	sunleyJ@parliament.uk	2021-01-22 12:15:35 +00:00	NULL	NULL
2544	CUG42ovu	541	394	3	sunleyJ@parliament.uk	2021-01-22 12:15:47 +00:00	NULL	NULL
2545	A94NwnVY	52	396	3	sunleyJ@parliament.uk	2021-01-22 12:16:07 +00:00	NULL	NULL
2546	JqUmbbez	52	397	3	sunleyJ@parliament.uk	2021-01-22 12:16:21 +00:00	NULL	NULL
2547	fRAIGETt	396	536	3	sunleyJ@parliament.uk	2021-01-22 12:16:36 +00:00	NULL	NULL
2548	TLJq1N9T	536	13	3	sunleyJ@parliament.uk	2021-01-22 12:16:51 +00:00	NULL	NULL
2549	QCV8CX1s	13	484	3	sunleyJ@parliament.uk	2021-01-22 12:17:05 +00:00	NULL	NULL
2550	cOSgvUbK	484	396	3	sunleyJ@parliament.uk	2021-01-22 12:17:19 +00:00	NULL	NULL
2551	DiV2jiOM	13	485	3	sunleyJ@parliament.uk	2021-01-22 12:17:32 +00:00	NULL	NULL
2552	SA62fiEb	485	397	3	sunleyJ@parliament.uk	2021-01-22 12:17:46 +00:00	NULL	NULL
2553	sNHdV8pc	397	537	3	sunleyJ@parliament.uk	2021-01-22 12:18:00 +00:00	NULL	NULL
2554	uU0hQ0iK	537	16	3	sunleyJ@parliament.uk	2021-01-22 12:18:13 +00:00	NULL	NULL
2555	Qs4ZACRT	19	378	3	sunleyJ@parliament.uk	2021-01-22 12:18:38 +00:00	NULL	NULL
2556	tjWEx7IA	19	379	3	sunleyJ@parliament.uk	2021-01-22 12:18:53 +00:00	NULL	NULL
2557	m1ebL0as	19	382	3	sunleyJ@parliament.uk	2021-01-22 12:19:07 +00:00	NULL	NULL
2558	ozsPS82l	378	518	3	sunleyJ@parliament.uk	2021-01-22 12:19:28 +00:00	NULL	NULL
2559	Um7CO8CY	518	84	3	sunleyJ@parliament.uk	2021-01-22 12:19:45 +00:00	NULL	NULL
2560	7NwawxXQ	84	472	3	sunleyJ@parliament.uk	2021-01-22 12:20:03 +00:00	NULL	NULL
2561	o0Gqka5H	472	378	3	sunleyJ@parliament.uk	2021-01-22 12:20:15 +00:00	NULL	NULL
2562	gQ9XxWbV	84	473	3	sunleyJ@parliament.uk	2021-01-22 12:20:34 +00:00	NULL	NULL
2563	mqKYgHPJ	473	382	3	sunleyJ@parliament.uk	2021-01-22 12:20:48 +00:00	NULL	NULL
2564	ofu0wrFm	84	474	3	sunleyJ@parliament.uk	2021-01-22 12:21:04 +00:00	NULL	NULL
2565	BOsTAhIA	474	380	3	sunleyJ@parliament.uk	2021-01-22 12:21:21 +00:00	NULL	NULL
2566	zF3KaLtv	379	380	3	sunleyJ@parliament.uk	2021-01-22 12:21:39 +00:00	NULL	NULL
2567	9D6XLKTo	380	381	3	sunleyJ@parliament.uk	2021-01-22 12:21:55 +00:00	NULL	NULL
2568	3qtG4xDo	381	519	3	sunleyJ@parliament.uk	2021-01-22 12:22:06 +00:00	NULL	NULL
2569	xdEMaNfi	519	72	3	sunleyJ@parliament.uk	2021-01-22 12:22:20 +00:00	NULL	NULL
2570	K300DxHx	72	475	3	sunleyJ@parliament.uk	2021-01-22 12:22:36 +00:00	NULL	NULL
2571	t2a3p5WB	475	381	3	sunleyJ@parliament.uk	2021-01-22 12:22:52 +00:00	NULL	NULL
2572	aL0QWT5v	382	383	3	sunleyJ@parliament.uk	2021-01-22 12:23:14 +00:00	NULL	NULL
2573	wgqhkAyO	383	520	3	sunleyJ@parliament.uk	2021-01-22 12:23:32 +00:00	NULL	NULL
2574	YD3dkUNh	520	143	3	sunleyJ@parliament.uk	2021-01-22 12:23:47 +00:00	NULL	NULL
2575	BcMrjN8L	143	477	3	sunleyJ@parliament.uk	2021-01-22 12:24:04 +00:00	NULL	NULL
2576	a6HHBeOa	477	383	3	sunleyJ@parliament.uk	2021-01-22 12:24:17 +00:00	NULL	NULL
2577	aDDLtUxy	143	476	3	sunleyJ@parliament.uk	2021-01-22 12:24:38 +00:00	NULL	NULL
2578	1TPTSdKF	476	379	3	sunleyJ@parliament.uk	2021-01-22 12:24:52 +00:00	NULL	NULL
2579	NJ7oX71x	84	422	3	sunleyJ@parliament.uk	2021-01-22 12:25:10 +00:00	NULL	NULL
2580	rOiuP798	72	422	3	sunleyJ@parliament.uk	2021-01-22 12:25:26 +00:00	NULL	NULL
2581	p9fJAnA0	422	423	3	sunleyJ@parliament.uk	2021-01-22 12:25:42 +00:00	NULL	NULL
2582	BbLMmoun	143	423	3	sunleyJ@parliament.uk	2021-01-22 12:26:00 +00:00	NULL	NULL
2583	LB0XgtKY	423	521	3	sunleyJ@parliament.uk	2021-01-22 12:26:15 +00:00	NULL	NULL
2584	0mnOSVKw	521	224	3	sunleyJ@parliament.uk	2021-01-22 12:26:29 +00:00	NULL	NULL
2585	uMwZkCek	99	542	3	smethurstm@parliament.uk	2021-01-22 12:50:36 +00:00	NULL	NULL
2586	3tM7tVqC	542	99	3	smethurstm@parliament.uk	2021-01-22 12:50:59 +00:00	NULL	NULL
2587	GyB8z4PD	14	542	3	smethurstm@parliament.uk	2021-01-22 12:51:45 +00:00	NULL	NULL
2588	R0P7btwo	542	14	3	smethurstm@parliament.uk	2021-01-22 12:52:05 +00:00	NULL	NULL
2589	bH9Bt1Uj	544	57	3	sunleyJ@parliament.uk	2021-01-25 15:47:08 +00:00	NULL	NULL
2590	ZWg5GdEA	4	544	3	sunleyJ@parliament.uk	2021-01-25 15:47:53 +00:00	NULL	NULL
2604	BPnwx1WX	295	543	3	sunleyJ@parliament.uk	2021-02-10 13:42:20 +00:00	NULL	NULL
2605	pKzkGSjd	543	331	3	sunleyJ@parliament.uk	2021-02-10 13:42:31 +00:00	NULL	NULL
2606	YquVY7cw	551	543	3	sunleyJ@parliament.uk	2021-02-10 13:43:18 +00:00	NULL	NULL
2607	pTgm8aN9	230	551	3	sunleyJ@parliament.uk	2021-02-10 13:45:16 +00:00	NULL	NULL
2608	UdbgrU15	291	568	3	sunleyJ@parliament.uk	2021-02-10 13:48:47 +00:00	NULL	NULL
2609	qJa9ZRgu	568	324	3	sunleyJ@parliament.uk	2021-02-10 13:49:15 +00:00	NULL	NULL
2610	8rmkM63x	552	568	3	sunleyJ@parliament.uk	2021-02-10 13:49:47 +00:00	NULL	NULL
2611	R023OqHm	230	552	3	sunleyJ@parliament.uk	2021-02-10 13:51:14 +00:00	NULL	NULL
2612	7SXUfLEY	4	569	3	sunleyJ@parliament.uk	2021-02-10 14:00:26 +00:00	NULL	NULL
2613	xg5v7lDD	569	299	3	sunleyJ@parliament.uk	2021-02-10 14:00:39 +00:00	NULL	NULL
2614	Swb1kfuG	553	569	3	sunleyJ@parliament.uk	2021-02-10 14:00:52 +00:00	NULL	NULL
2615	eJAKLIy8	230	553	3	sunleyJ@parliament.uk	2021-02-10 14:01:24 +00:00	NULL	NULL
2616	aq6kSVtt	358	570	3	sunleyJ@parliament.uk	2021-02-10 14:07:01 +00:00	NULL	NULL
2617	50PdSBIM	570	359	3	sunleyJ@parliament.uk	2021-02-10 14:07:18 +00:00	NULL	NULL
2618	oSt78M3Q	554	570	3	sunleyJ@parliament.uk	2021-02-10 14:07:33 +00:00	NULL	NULL
2619	GmulbD8Q	230	554	3	sunleyJ@parliament.uk	2021-02-10 14:10:51 +00:00	NULL	NULL
2620	HJRPnLiI	12	571	3	sunleyJ@parliament.uk	2021-02-10 14:13:16 +00:00	NULL	NULL
2621	4mzO5Yyt	571	384	3	sunleyJ@parliament.uk	2021-02-10 14:13:37 +00:00	NULL	NULL
2622	FuUT2rTF	555	571	3	sunleyJ@parliament.uk	2021-02-10 14:14:14 +00:00	NULL	NULL
2623	7s0cEDSU	230	555	3	sunleyJ@parliament.uk	2021-02-10 14:14:52 +00:00	NULL	NULL
2624	wlVHos5i	2	572	3	sunleyJ@parliament.uk	2021-02-10 14:17:48 +00:00	NULL	NULL
2625	pSc6C4KS	572	391	3	sunleyJ@parliament.uk	2021-02-10 14:18:00 +00:00	NULL	NULL
2626	oDohMQwh	556	572	3	sunleyJ@parliament.uk	2021-02-10 14:18:16 +00:00	NULL	NULL
2627	LwRb5WJy	230	556	3	sunleyJ@parliament.uk	2021-02-10 14:18:32 +00:00	NULL	NULL
2628	rtdcKG8h	542	14	3	sunleyJ@parliament.uk	2021-02-11 11:43:59 +00:00	NULL	NULL
2633	zoluxkRd	14	542	3	sunleyJ@parliament.uk	2021-02-11 11:46:57 +00:00	NULL	NULL
2634	CIwXm2PA	14	285	3	sunleyJ@parliament.uk	2021-02-11 11:47:08 +00:00	NULL	NULL
2635	01FZaBWT	14	286	3	sunleyJ@parliament.uk	2021-02-11 11:47:27 +00:00	NULL	NULL
2636	7Eo2C7wo	539	233	3	sunleyJ@parliament.uk	2021-02-11 11:47:49 +00:00	NULL	NULL
2637	eR1oN1jE	233	539	3	sunleyJ@parliament.uk	2021-02-11 11:48:10 +00:00	NULL	NULL
2638	Ut02a2A7	233	538	3	sunleyJ@parliament.uk	2021-02-11 11:48:23 +00:00	NULL	NULL
2639	BdG97Fpd	233	540	3	sunleyJ@parliament.uk	2021-02-11 11:48:36 +00:00	NULL	NULL
2640	70fj6FQW	538	234	3	sunleyJ@parliament.uk	2021-02-11 11:48:57 +00:00	NULL	NULL
2641	ZwpAEmSi	234	282	3	sunleyJ@parliament.uk	2021-02-11 11:49:09 +00:00	NULL	NULL
2642	9Q9sm5gS	282	538	3	sunleyJ@parliament.uk	2021-02-11 11:49:23 +00:00	NULL	NULL
2643	OBVSIULX	234	285	3	sunleyJ@parliament.uk	2021-02-11 11:49:37 +00:00	NULL	NULL
2644	NRoFtr4P	540	281	3	sunleyJ@parliament.uk	2021-02-11 11:49:54 +00:00	NULL	NULL
2645	OCRSBdC1	281	235	3	sunleyJ@parliament.uk	2021-02-11 11:50:05 +00:00	NULL	NULL
2646	fQH1NEbn	235	284	3	sunleyJ@parliament.uk	2021-02-11 11:50:18 +00:00	NULL	NULL
2647	w3LGDvn8	284	540	3	sunleyJ@parliament.uk	2021-02-11 11:50:28 +00:00	NULL	NULL
2648	QRXZvJbm	235	286	3	sunleyJ@parliament.uk	2021-02-11 11:50:44 +00:00	NULL	NULL
2649	N49ih4Mx	285	283	3	sunleyJ@parliament.uk	2021-02-11 11:51:14 +00:00	NULL	NULL
2650	1wHrBTHk	283	4	3	sunleyJ@parliament.uk	2021-02-11 11:51:27 +00:00	NULL	NULL
2651	hG6dUrSw	4	289	3	sunleyJ@parliament.uk	2021-02-11 11:51:39 +00:00	NULL	NULL
2652	3oEW6YpH	289	283	3	sunleyJ@parliament.uk	2021-02-11 11:51:53 +00:00	NULL	NULL
2653	ye3CgnDr	4	296	3	sunleyJ@parliament.uk	2021-02-11 11:52:28 +00:00	NULL	NULL
2654	bGxKYoet	296	293	3	sunleyJ@parliament.uk	2021-02-11 11:52:39 +00:00	NULL	NULL
2655	slI5hv0J	293	107	3	sunleyJ@parliament.uk	2021-02-11 11:52:53 +00:00	NULL	NULL
2656	ALMKat8o	107	301	3	sunleyJ@parliament.uk	2021-02-11 11:53:08 +00:00	NULL	NULL
2657	pOpsxJnc	301	296	3	sunleyJ@parliament.uk	2021-02-11 11:53:20 +00:00	NULL	NULL
2658	lA6amEQ2	4	305	3	sunleyJ@parliament.uk	2021-02-11 11:53:36 +00:00	NULL	NULL
2659	6I0E01ZW	4	287	3	sunleyJ@parliament.uk	2021-02-11 11:53:59 +00:00	NULL	NULL
2660	Zxtt5NK5	287	288	3	sunleyJ@parliament.uk	2021-02-11 11:54:12 +00:00	NULL	NULL
2661	qgVRInCL	288	300	3	sunleyJ@parliament.uk	2021-02-11 11:54:33 +00:00	NULL	NULL
2662	pL42iouV	300	10	3	sunleyJ@parliament.uk	2021-02-11 11:54:45 +00:00	NULL	NULL
2663	vMmD7UgB	10	306	3	sunleyJ@parliament.uk	2021-02-11 11:55:10 +00:00	NULL	NULL
2664	hv10y7h1	306	300	3	sunleyJ@parliament.uk	2021-02-11 11:55:43 +00:00	NULL	NULL
2665	d60cof3g	10	307	3	sunleyJ@parliament.uk	2021-02-11 11:56:10 +00:00	NULL	NULL
2666	0q8euCxg	10	310	3	sunleyJ@parliament.uk	2021-02-11 11:56:23 +00:00	NULL	NULL
2667	2B2Z6J22	310	298	3	sunleyJ@parliament.uk	2021-02-11 11:56:46 +00:00	NULL	NULL
2668	tb6GCP7K	298	70	3	sunleyJ@parliament.uk	2021-02-11 11:56:59 +00:00	NULL	NULL
2669	FSSmFCMf	70	291	3	sunleyJ@parliament.uk	2021-02-11 11:57:12 +00:00	NULL	NULL
2670	FMgRLVZ6	291	311	3	sunleyJ@parliament.uk	2021-02-11 11:57:35 +00:00	NULL	NULL
2671	cOCsUDOz	311	310	3	sunleyJ@parliament.uk	2021-02-11 11:57:47 +00:00	NULL	NULL
2672	sbJRzm2z	70	290	3	sunleyJ@parliament.uk	2021-02-11 11:58:06 +00:00	NULL	NULL
2673	1hc8DwzG	69	291	3	sunleyJ@parliament.uk	2021-02-11 11:58:26 +00:00	NULL	NULL
2674	bUTNrx93	69	290	3	sunleyJ@parliament.uk	2021-02-11 11:59:14 +00:00	NULL	NULL
2675	2Pz8XExE	290	308	3	sunleyJ@parliament.uk	2021-02-11 11:59:28 +00:00	NULL	NULL
2676	1lGE3wtk	308	307	3	sunleyJ@parliament.uk	2021-02-11 11:59:38 +00:00	NULL	NULL
2677	22kfEMGr	307	294	3	sunleyJ@parliament.uk	2021-02-11 11:59:53 +00:00	NULL	NULL
2678	y7KDwkIJ	294	69	3	sunleyJ@parliament.uk	2021-02-11 12:00:06 +00:00	NULL	NULL
2679	KdQXdjtu	4	314	3	sunleyJ@parliament.uk	2021-02-11 12:00:24 +00:00	NULL	NULL
2680	Pq5y5mYU	314	315	3	sunleyJ@parliament.uk	2021-02-11 12:00:37 +00:00	NULL	NULL
2681	kHMf8XPI	315	492	3	sunleyJ@parliament.uk	2021-02-11 12:00:52 +00:00	NULL	NULL
2682	xrHiw3Dl	492	3	3	sunleyJ@parliament.uk	2021-02-11 12:01:08 +00:00	NULL	NULL
2683	SS1ozxI0	3	493	3	sunleyJ@parliament.uk	2021-02-11 12:01:26 +00:00	NULL	NULL
2684	X4EYcaGT	493	182	3	sunleyJ@parliament.uk	2021-02-11 12:01:41 +00:00	NULL	NULL
2685	SmzrYMgg	3	295	3	sunleyJ@parliament.uk	2021-02-11 12:01:56 +00:00	NULL	NULL
2686	fNqzG2lK	295	323	3	sunleyJ@parliament.uk	2021-02-11 12:02:12 +00:00	NULL	NULL
2687	MHGrnR5i	323	489	3	sunleyJ@parliament.uk	2021-02-11 12:02:25 +00:00	NULL	NULL
2688	yATlTyPs	489	24	3	sunleyJ@parliament.uk	2021-02-11 12:02:37 +00:00	NULL	NULL
2689	kU6pj81g	24	490	3	sunleyJ@parliament.uk	2021-02-11 12:02:57 +00:00	NULL	NULL
2690	vM69LkW0	490	206	3	sunleyJ@parliament.uk	2021-02-11 12:03:08 +00:00	NULL	NULL
2691	zUYBIWWI	3	585	3	sunleyJ@parliament.uk	2021-02-11 12:04:23 +00:00	NULL	NULL
2692	scXiu5ut	24	350	3	sunleyJ@parliament.uk	2021-02-12 13:49:28 +00:00	NULL	NULL
2695	2hJJPttx	305	309	3	sunleyJ@parliament.uk	2021-02-11 12:05:50 +00:00	NULL	NULL
2696	qDezUnj7	309	57	3	sunleyJ@parliament.uk	2021-02-11 12:06:10 +00:00	NULL	NULL
2697	bsINWw03	57	295	3	sunleyJ@parliament.uk	2021-02-11 12:06:29 +00:00	NULL	NULL
2698	Y0PL0bBc	107	328	3	sunleyJ@parliament.uk	2021-02-11 12:06:58 +00:00	NULL	NULL
2699	tNvAfXIH	328	323	3	sunleyJ@parliament.uk	2021-02-11 12:07:18 +00:00	NULL	NULL
2700	yl4f25A0	57	320	3	sunleyJ@parliament.uk	2021-02-11 12:07:39 +00:00	NULL	NULL
2701	Xn9CYbBK	320	183	3	sunleyJ@parliament.uk	2021-02-11 12:07:54 +00:00	NULL	NULL
2702	vZ3cRcx9	57	585	3	sunleyJ@parliament.uk	2021-02-11 12:08:12 +00:00	NULL	NULL
2703	psUSvfrF	107	405	3	sunleyJ@parliament.uk	2021-02-11 12:08:31 +00:00	NULL	NULL
2704	VL7enS4H	405	326	3	sunleyJ@parliament.uk	2021-02-11 12:08:47 +00:00	NULL	NULL
2706	CIuO7cag	326	327	3	sunleyJ@parliament.uk	2021-02-11 12:09:28 +00:00	NULL	NULL
2707	wGzzGx4w	327	491	3	sunleyJ@parliament.uk	2021-02-11 12:09:45 +00:00	NULL	NULL
2708	Vxig8dlM	34	406	3	sunleyJ@parliament.uk	2021-02-11 12:10:12 +00:00	NULL	NULL
2709	85v6XJYl	406	327	3	sunleyJ@parliament.uk	2021-02-11 12:10:24 +00:00	NULL	NULL
2710	YoJ1RllM	491	34	3	sunleyJ@parliament.uk	2021-02-11 12:13:18 +00:00	2015-10-22 00:00:00 +00:00	2020-06-02 00:00:00 +00:00
2711	rvfyLYgO	34	332	3	sunleyJ@parliament.uk	2021-02-11 12:13:34 +00:00	NULL	NULL
2712	f5wqZfDR	34	336	3	sunleyJ@parliament.uk	2021-02-11 12:13:50 +00:00	NULL	NULL
2713	4NUsSfb6	34	340	3	sunleyJ@parliament.uk	2021-02-11 12:14:05 +00:00	NULL	NULL
2714	EnXRYt6J	34	345	3	sunleyJ@parliament.uk	2021-02-11 12:14:16 +00:00	NULL	NULL
2715	FovldQa0	332	333	3	sunleyJ@parliament.uk	2021-02-11 12:14:30 +00:00	NULL	NULL
2716	qLCTMTw9	333	334	3	sunleyJ@parliament.uk	2021-02-11 12:14:44 +00:00	NULL	NULL
2717	U1SVoKJx	334	335	3	sunleyJ@parliament.uk	2021-02-11 12:14:56 +00:00	NULL	NULL
2718	76xc79Dw	335	496	3	sunleyJ@parliament.uk	2021-02-11 12:15:08 +00:00	NULL	NULL
2719	NxKRccJV	496	68	3	sunleyJ@parliament.uk	2021-02-11 12:15:23 +00:00	NULL	NULL
2720	82485Fgj	68	429	3	sunleyJ@parliament.uk	2021-02-11 12:15:37 +00:00	NULL	NULL
2721	VcnX35uA	429	335	3	sunleyJ@parliament.uk	2021-02-11 12:15:49 +00:00	NULL	NULL
2722	8Une4nSF	336	337	3	sunleyJ@parliament.uk	2021-02-11 12:16:08 +00:00	NULL	NULL
2723	EhVLEA3y	337	338	3	sunleyJ@parliament.uk	2021-02-11 12:16:18 +00:00	NULL	NULL
2724	49ggNiGz	338	339	3	sunleyJ@parliament.uk	2021-02-11 12:16:29 +00:00	NULL	NULL
2725	pQyC46M6	339	497	3	sunleyJ@parliament.uk	2021-02-11 12:16:42 +00:00	NULL	NULL
2726	2BS9erJZ	497	74	3	sunleyJ@parliament.uk	2021-02-11 12:16:56 +00:00	NULL	NULL
2727	RxQYZAWn	74	430	3	sunleyJ@parliament.uk	2021-02-11 12:17:09 +00:00	NULL	NULL
2728	DeNHzHs4	430	339	3	sunleyJ@parliament.uk	2021-02-11 12:17:23 +00:00	NULL	NULL
2729	FvzUxEj0	340	341	3	sunleyJ@parliament.uk	2021-02-11 12:17:47 +00:00	NULL	NULL
2730	Oc98tPVv	341	343	3	sunleyJ@parliament.uk	2021-02-11 12:17:59 +00:00	NULL	NULL
2731	mkztZaIT	343	344	3	sunleyJ@parliament.uk	2021-02-11 12:18:10 +00:00	NULL	NULL
2733	8CDo3LQO	498	75	3	sunleyJ@parliament.uk	2021-02-11 12:18:34 +00:00	NULL	NULL
2734	X9bvcT68	75	431	3	sunleyJ@parliament.uk	2021-02-11 12:18:45 +00:00	NULL	NULL
2735	oMTPcHza	431	344	3	sunleyJ@parliament.uk	2021-02-11 12:18:58 +00:00	NULL	NULL
2736	r1ExcrRa	345	346	3	sunleyJ@parliament.uk	2021-02-11 12:19:20 +00:00	NULL	NULL
2737	5psPNRKB	346	347	3	sunleyJ@parliament.uk	2021-02-11 12:19:32 +00:00	NULL	NULL
2738	Z7ngzzwI	347	348	3	sunleyJ@parliament.uk	2021-02-11 12:19:43 +00:00	NULL	NULL
2739	oCH9pnHt	348	499	3	sunleyJ@parliament.uk	2021-02-11 12:19:58 +00:00	NULL	NULL
2740	tCDdBiDb	499	94	3	sunleyJ@parliament.uk	2021-02-11 12:20:10 +00:00	NULL	NULL
2741	XaWe7ZVQ	94	432	3	sunleyJ@parliament.uk	2021-02-11 12:20:25 +00:00	NULL	NULL
2742	Yy5LYe6f	432	348	3	sunleyJ@parliament.uk	2021-02-11 12:20:36 +00:00	NULL	NULL
2743	5rb1VNNj	94	416	3	sunleyJ@parliament.uk	2021-02-11 12:20:49 +00:00	NULL	NULL
2744	F5xjXyGJ	416	343	3	sunleyJ@parliament.uk	2021-02-11 12:21:02 +00:00	NULL	NULL
2745	rGUfo1F5	94	412	3	sunleyJ@parliament.uk	2021-02-11 12:21:21 +00:00	NULL	NULL
2746	jNKk6wBW	412	336	3	sunleyJ@parliament.uk	2021-02-11 12:21:32 +00:00	NULL	NULL
2747	2aKe1C6l	75	414	3	sunleyJ@parliament.uk	2021-02-11 12:21:49 +00:00	NULL	NULL
2748	oUGlQ5tM	414	337	3	sunleyJ@parliament.uk	2021-02-11 12:22:00 +00:00	NULL	NULL
2749	rdnZlCJb	74	415	3	sunleyJ@parliament.uk	2021-02-11 12:22:14 +00:00	NULL	NULL
2750	lZ9GIkOI	415	341	3	sunleyJ@parliament.uk	2021-02-11 12:22:25 +00:00	NULL	NULL
2751	h9sMN59O	68	413	3	sunleyJ@parliament.uk	2021-02-11 12:22:40 +00:00	NULL	NULL
2752	9VtAX4CD	413	338	3	sunleyJ@parliament.uk	2021-02-11 12:22:54 +00:00	NULL	NULL
2753	bgfKd5Dg	68	411	3	sunleyJ@parliament.uk	2021-02-11 12:23:08 +00:00	NULL	NULL
2754	um4UqCm6	411	340	3	sunleyJ@parliament.uk	2021-02-11 12:23:20 +00:00	NULL	NULL
2755	DEZDEa1Y	68	433	3	sunleyJ@parliament.uk	2021-02-11 12:23:35 +00:00	NULL	NULL
2756	QgqhZAC4	433	345	3	sunleyJ@parliament.uk	2021-02-11 12:23:49 +00:00	NULL	NULL
2757	i40xV8Qj	74	434	3	sunleyJ@parliament.uk	2021-02-11 12:24:04 +00:00	NULL	NULL
2758	V3bAf9YI	74	435	3	sunleyJ@parliament.uk	2021-02-11 12:24:16 +00:00	NULL	NULL
2759	qBoKvjb9	434	334	3	sunleyJ@parliament.uk	2021-02-11 12:24:27 +00:00	NULL	NULL
2760	SNUTihg9	435	346	3	sunleyJ@parliament.uk	2021-02-11 12:24:43 +00:00	NULL	NULL
2761	DmEBXzKR	75	436	3	sunleyJ@parliament.uk	2021-02-11 12:25:01 +00:00	NULL	NULL
2762	Q1NonHbv	75	437	3	sunleyJ@parliament.uk	2021-02-11 12:25:15 +00:00	NULL	NULL
2763	UmNPg8lE	436	333	3	sunleyJ@parliament.uk	2021-02-11 12:25:30 +00:00	NULL	NULL
2764	3mF4oq04	437	347	3	sunleyJ@parliament.uk	2021-02-11 12:25:46 +00:00	NULL	NULL
2765	sffhuglU	94	438	3	sunleyJ@parliament.uk	2021-02-11 12:25:58 +00:00	NULL	NULL
2766	2PxHw1Qe	438	332	3	sunleyJ@parliament.uk	2021-02-11 12:26:12 +00:00	NULL	NULL
2767	S58X1Cqd	57	329	3	sunleyJ@parliament.uk	2021-02-11 12:26:40 +00:00	NULL	NULL
2768	D7ALTrGV	57	299	3	sunleyJ@parliament.uk	2021-02-11 12:26:57 +00:00	NULL	NULL
2769	6of0QwdN	57	303	3	sunleyJ@parliament.uk	2021-02-11 12:27:14 +00:00	NULL	NULL
2770	evoekC8Q	321	204	3	sunleyJ@parliament.uk	2021-02-11 12:27:41 +00:00	NULL	NULL
2771	K0ol2KIU	299	321	3	sunleyJ@parliament.uk	2021-02-11 12:28:55 +00:00	NULL	NULL
2772	AvKoI18c	407	299	3	sunleyJ@parliament.uk	2021-02-11 12:29:05 +00:00	NULL	NULL
2773	6LV0CWDV	77	407	3	sunleyJ@parliament.uk	2021-02-11 12:29:26 +00:00	NULL	NULL
2774	15RyY7BY	204	447	3	sunleyJ@parliament.uk	2021-02-11 12:29:46 +00:00	NULL	NULL
2775	moDytEb7	77	408	3	sunleyJ@parliament.uk	2021-02-11 12:30:15 +00:00	NULL	NULL
2776	fh8TL6pB	408	329	3	sunleyJ@parliament.uk	2021-02-11 12:30:27 +00:00	NULL	NULL
2777	bWf8adQr	329	324	3	sunleyJ@parliament.uk	2021-02-11 12:30:38 +00:00	NULL	NULL
2778	LG9TdFy0	324	83	3	sunleyJ@parliament.uk	2021-02-11 12:30:54 +00:00	NULL	NULL
2779	WIGKYnFX	83	446	3	sunleyJ@parliament.uk	2021-02-11 12:31:09 +00:00	NULL	NULL
2780	LXJEXbho	3	330	3	sunleyJ@parliament.uk	2021-02-11 16:09:21 +00:00	NULL	NULL
2781	6g0mw9I5	3	303	3	sunleyJ@parliament.uk	2021-02-11 16:09:42 +00:00	NULL	NULL
2782	6KR3RxIf	3	331	3	sunleyJ@parliament.uk	2021-02-11 16:09:59 +00:00	NULL	NULL
2783	uqq4a17M	205	449	3	sunleyJ@parliament.uk	2021-02-11 16:10:30 +00:00	NULL	NULL
2784	ibcE7WTT	494	205	3	sunleyJ@parliament.uk	2021-02-11 16:10:55 +00:00	NULL	NULL
2785	gka6ol1P	330	494	3	sunleyJ@parliament.uk	2021-02-11 16:11:13 +00:00	NULL	NULL
2786	rW1BsFKx	409	330	3	sunleyJ@parliament.uk	2021-02-11 16:11:30 +00:00	NULL	NULL
2787	37zcqA0k	63	409	3	sunleyJ@parliament.uk	2021-02-11 16:11:56 +00:00	NULL	NULL
2788	rXsSbLRS	58	448	3	sunleyJ@parliament.uk	2021-02-11 16:12:26 +00:00	NULL	NULL
2789	aMNuMtDJ	63	410	3	sunleyJ@parliament.uk	2021-02-11 16:12:52 +00:00	NULL	NULL
2790	EalSE083	410	331	3	sunleyJ@parliament.uk	2021-02-11 16:13:06 +00:00	NULL	NULL
2791	VaZtz40a	331	495	3	sunleyJ@parliament.uk	2021-02-11 16:13:20 +00:00	NULL	NULL
2792	77VbkWvD	495	58	3	sunleyJ@parliament.uk	2021-02-11 16:13:37 +00:00	NULL	NULL
2793	EzSOorRK	107	439	3	sunleyJ@parliament.uk	2021-02-11 16:14:09 +00:00	NULL	NULL
2795	1rK4nLhO	439	350	3	sunleyJ@parliament.uk	2021-02-11 16:14:40 +00:00	NULL	NULL
2796	eQf217RA	350	351	3	sunleyJ@parliament.uk	2021-02-11 16:15:03 +00:00	NULL	NULL
2797	kch6kgOk	351	352	3	sunleyJ@parliament.uk	2021-02-11 16:15:14 +00:00	NULL	NULL
2798	inweEiar	352	500	3	sunleyJ@parliament.uk	2021-02-11 16:15:30 +00:00	NULL	NULL
2799	5moLmX4j	500	38	3	sunleyJ@parliament.uk	2021-02-11 16:15:44 +00:00	NULL	NULL
2800	R9umjBZK	38	440	3	sunleyJ@parliament.uk	2021-02-11 16:16:05 +00:00	NULL	NULL
2801	TaKR1BPJ	440	351	3	sunleyJ@parliament.uk	2021-02-11 16:16:17 +00:00	NULL	NULL
2802	F4EeaXSl	107	565	3	sunleyJ@parliament.uk	2021-02-11 16:16:44 +00:00	NULL	NULL
2803	7KhPt5up	303	353	3	sunleyJ@parliament.uk	2021-02-11 16:16:57 +00:00	NULL	NULL
2804	EkNIMwzA	565	353	3	sunleyJ@parliament.uk	2021-02-11 16:17:12 +00:00	NULL	NULL
2805	YiSp2SoZ	353	354	3	sunleyJ@parliament.uk	2021-02-11 16:17:24 +00:00	NULL	NULL
2806	6j4G7Vmn	354	355	3	sunleyJ@parliament.uk	2021-02-11 16:17:38 +00:00	NULL	NULL
2807	KWuMzoq0	355	501	3	sunleyJ@parliament.uk	2021-02-11 16:17:53 +00:00	NULL	NULL
2808	ZZ7xRt4L	501	23	3	sunleyJ@parliament.uk	2021-02-11 16:18:42 +00:00	NULL	NULL
2809	lClCO1R7	23	443	3	sunleyJ@parliament.uk	2021-02-11 16:18:23 +00:00	NULL	NULL
2810	DOvXmnBq	443	355	3	sunleyJ@parliament.uk	2021-02-11 16:19:01 +00:00	NULL	NULL
2811	S90ZueKg	23	441	3	sunleyJ@parliament.uk	2021-02-11 16:19:16 +00:00	NULL	NULL
2812	SHG8Z67O	441	352	3	sunleyJ@parliament.uk	2021-02-11 16:19:31 +00:00	NULL	NULL
2813	PcbUS60s	38	442	3	sunleyJ@parliament.uk	2021-02-11 16:19:46 +00:00	NULL	NULL
2814	Ib2Nm85j	442	354	3	sunleyJ@parliament.uk	2021-02-11 16:19:58 +00:00	NULL	NULL
2815	iGSDKVmO	107	445	3	sunleyJ@parliament.uk	2021-02-11 16:20:26 +00:00	NULL	NULL
2816	FnenUEIB	107	444	3	sunleyJ@parliament.uk	2021-02-11 16:20:48 +00:00	NULL	NULL
2817	UF3RHNCC	38	304	3	sunleyJ@parliament.uk	2021-02-11 16:21:05 +00:00	NULL	NULL
2818	UA7e36KS	38	312	3	sunleyJ@parliament.uk	2021-02-11 16:21:20 +00:00	NULL	NULL
2819	iG1mS7y9	23	304	3	sunleyJ@parliament.uk	2021-02-11 16:21:34 +00:00	NULL	NULL
2820	aNa3h97r	23	312	3	sunleyJ@parliament.uk	2021-02-11 16:21:48 +00:00	NULL	NULL
2821	rBHuqZZ2	304	357	3	sunleyJ@parliament.uk	2021-02-11 16:22:13 +00:00	NULL	NULL
2822	GHd0SL0F	445	357	3	sunleyJ@parliament.uk	2021-02-11 16:22:29 +00:00	NULL	NULL
2823	hgjJADWR	446	358	3	sunleyJ@parliament.uk	2021-02-11 16:22:42 +00:00	NULL	NULL
2824	SgyUpt2B	447	359	3	sunleyJ@parliament.uk	2021-02-11 16:22:56 +00:00	NULL	NULL
2825	Wb5sBXN5	357	358	3	sunleyJ@parliament.uk	2021-02-11 16:23:10 +00:00	NULL	NULL
2826	Tm0MBNmN	358	359	3	sunleyJ@parliament.uk	2021-02-11 16:23:24 +00:00	NULL	NULL
2827	ZPLpUeXU	359	502	3	sunleyJ@parliament.uk	2021-02-11 16:23:36 +00:00	NULL	NULL
2828	aUxzV85R	502	77	3	sunleyJ@parliament.uk	2021-02-11 16:23:51 +00:00	NULL	NULL
2829	q3L2mPcK	77	504	3	sunleyJ@parliament.uk	2021-02-11 16:24:07 +00:00	NULL	NULL
2830	V7JMjHHA	504	209	3	sunleyJ@parliament.uk	2021-02-11 16:24:25 +00:00	NULL	NULL
2831	yuBdARlX	444	356	3	sunleyJ@parliament.uk	2021-02-11 16:24:45 +00:00	NULL	NULL
2832	BHh9VlIW	448	360	3	sunleyJ@parliament.uk	2021-02-11 16:25:06 +00:00	NULL	NULL
2833	s0x1fidn	449	361	3	sunleyJ@parliament.uk	2021-02-11 16:25:22 +00:00	NULL	NULL
2834	OWcI3s14	450	362	3	sunleyJ@parliament.uk	2021-02-11 16:25:35 +00:00	NULL	NULL
2835	6ZhofUwW	64	450	3	sunleyJ@parliament.uk	2021-02-11 16:25:59 +00:00	NULL	NULL
2836	r9XjrCoi	312	356	3	sunleyJ@parliament.uk	2021-02-11 16:26:17 +00:00	NULL	NULL
2837	7IdKwJ9R	356	360	3	sunleyJ@parliament.uk	2021-02-11 16:26:33 +00:00	NULL	NULL
2838	XngKliwd	360	361	3	sunleyJ@parliament.uk	2021-02-11 16:26:45 +00:00	NULL	NULL
2839	tZ1mLPmv	361	362	3	sunleyJ@parliament.uk	2021-02-11 16:26:57 +00:00	NULL	NULL
2840	Gsa4PseE	362	503	3	sunleyJ@parliament.uk	2021-02-11 16:27:10 +00:00	NULL	NULL
2841	BgJfWgKG	503	63	3	sunleyJ@parliament.uk	2021-02-11 16:27:27 +00:00	NULL	NULL
2842	xj9p8RI0	63	505	3	sunleyJ@parliament.uk	2021-02-11 16:28:43 +00:00	NULL	NULL
2843	rghPK1Xi	505	199	3	sunleyJ@parliament.uk	2021-02-11 16:29:10 +00:00	NULL	NULL
2844	FBbuW8v9	63	363	3	sunleyJ@parliament.uk	2021-02-11 16:29:29 +00:00	NULL	NULL
2845	zUscKNqE	63	364	3	sunleyJ@parliament.uk	2021-02-11 16:29:43 +00:00	NULL	NULL
2846	WDEmpKkQ	363	506	3	sunleyJ@parliament.uk	2021-02-11 16:29:56 +00:00	NULL	NULL
2847	IDQgXiWJ	506	90	3	sunleyJ@parliament.uk	2021-02-11 16:30:23 +00:00	NULL	NULL
2848	1kh9Qvoh	90	452	3	sunleyJ@parliament.uk	2021-02-11 16:30:38 +00:00	NULL	NULL
2849	GiGYqevk	452	364	3	sunleyJ@parliament.uk	2021-02-11 16:30:50 +00:00	NULL	NULL
2850	Rly4h0qq	364	507	3	sunleyJ@parliament.uk	2021-02-11 16:31:03 +00:00	NULL	NULL
2851	VFkouUTv	507	95	3	sunleyJ@parliament.uk	2021-02-11 16:31:23 +00:00	NULL	NULL
2852	bocuKW3V	95	451	3	sunleyJ@parliament.uk	2021-02-11 16:31:40 +00:00	NULL	NULL
2853	wSLqBBB6	451	363	3	sunleyJ@parliament.uk	2021-02-11 16:31:54 +00:00	NULL	NULL
2854	J4qssp2F	63	365	3	sunleyJ@parliament.uk	2021-02-11 16:32:11 +00:00	NULL	NULL
2855	kwkS7gRw	63	366	3	sunleyJ@parliament.uk	2021-02-11 16:32:29 +00:00	NULL	NULL
2856	jApSuasV	365	508	3	sunleyJ@parliament.uk	2021-02-11 16:32:42 +00:00	NULL	NULL
2857	PzNOGQa8	508	56	3	sunleyJ@parliament.uk	2021-02-11 16:33:00 +00:00	NULL	NULL
2858	aUz5AaE8	89	453	3	sunleyJ@parliament.uk	2021-02-11 16:33:16 +00:00	NULL	NULL
2859	c41723HM	453	365	3	sunleyJ@parliament.uk	2021-02-11 16:33:29 +00:00	NULL	NULL
2860	2VUvL5Um	366	509	3	sunleyJ@parliament.uk	2021-02-11 16:33:43 +00:00	NULL	NULL
2861	o9fAHYBe	509	89	3	sunleyJ@parliament.uk	2021-02-11 16:33:57 +00:00	NULL	NULL
2862	U4s0SpmH	89	454	3	sunleyJ@parliament.uk	2021-02-11 16:34:14 +00:00	NULL	NULL
2863	KTkfJkvh	454	366	3	sunleyJ@parliament.uk	2021-02-11 16:34:27 +00:00	NULL	NULL
2864	kqYzHMxM	89	419	3	sunleyJ@parliament.uk	2021-02-11 16:34:48 +00:00	NULL	NULL
2865	bRqPYXs2	89	567	3	sunleyJ@parliament.uk	2021-02-11 16:35:10 +00:00	NULL	NULL
2866	ONRk0s8y	89	421	3	sunleyJ@parliament.uk	2021-02-11 16:35:28 +00:00	NULL	NULL
2867	Oe5ntUTZ	64	313	3	sunleyJ@parliament.uk	2021-02-11 16:35:55 +00:00	NULL	NULL
2868	dplLlQjB	107	317	3	sunleyJ@parliament.uk	2021-02-11 16:36:23 +00:00	NULL	NULL
2869	3bCsvPD6	12	455	3	sunleyJ@parliament.uk	2021-02-11 16:36:49 +00:00	NULL	NULL
2870	erH8ptCT	89	313	3	sunleyJ@parliament.uk	2021-02-11 16:37:07 +00:00	NULL	NULL
2871	PJuGB7ZI	313	317	3	sunleyJ@parliament.uk	2021-02-11 16:37:25 +00:00	NULL	NULL
2872	mHmcMeZo	317	367	3	sunleyJ@parliament.uk	2021-02-11 16:37:36 +00:00	NULL	NULL
2873	ISy0e52J	455	367	3	sunleyJ@parliament.uk	2021-02-11 16:37:48 +00:00	NULL	NULL
2874	VYUATQMl	456	368	3	sunleyJ@parliament.uk	2021-02-11 16:38:01 +00:00	NULL	NULL
2875	s37stHBS	367	368	3	sunleyJ@parliament.uk	2021-02-11 16:38:17 +00:00	NULL	NULL
2876	ymEgNh2V	368	110	3	sunleyJ@parliament.uk	2021-02-11 16:38:31 +00:00	NULL	NULL
2877	nS08QpXx	110	456	3	sunleyJ@parliament.uk	2021-02-11 16:38:49 +00:00	NULL	NULL
2878	DrItF0ZM	107	378	3	sunleyJ@parliament.uk	2021-02-11 16:39:13 +00:00	NULL	NULL
2879	A4a43JBN	107	579	3	sunleyJ@parliament.uk	2021-02-11 16:39:37 +00:00	NULL	NULL
2880	mrvZEYiL	107	458	3	sunleyJ@parliament.uk	2021-02-11 16:39:56 +00:00	NULL	NULL
2881	ohNMSnOq	107	316	3	sunleyJ@parliament.uk	2021-02-11 16:40:14 +00:00	NULL	NULL
2882	P9GUMfD9	107	375	3	sunleyJ@parliament.uk	2021-02-11 16:40:28 +00:00	NULL	NULL
2883	wBsKYtSF	107	297	3	sunleyJ@parliament.uk	2021-02-11 16:40:42 +00:00	NULL	NULL
2884	ex9d7Kli	297	288	3	sunleyJ@parliament.uk	2021-02-11 16:40:55 +00:00	NULL	NULL
2885	PPDqd3uI	12	292	3	sunleyJ@parliament.uk	2021-02-11 16:41:14 +00:00	NULL	NULL
2886	7ulTkovu	292	287	3	sunleyJ@parliament.uk	2021-02-11 16:41:42 +00:00	NULL	NULL
2887	qFlz0Gxu	316	314	3	sunleyJ@parliament.uk	2021-02-11 16:41:55 +00:00	NULL	NULL
2888	K4IiDNAc	319	315	3	sunleyJ@parliament.uk	2021-02-11 16:42:09 +00:00	NULL	NULL
2889	gwWXB5yp	64	319	3	sunleyJ@parliament.uk	2021-02-11 16:42:43 +00:00	NULL	NULL
2890	fpsjdMKe	4	369	3	sunleyJ@parliament.uk	2021-02-11 16:43:00 +00:00	NULL	NULL
2891	ROe8xcew	4	428	3	sunleyJ@parliament.uk	2021-02-11 16:43:34 +00:00	NULL	NULL
2892	CConCV7t	12	369	3	sunleyJ@parliament.uk	2021-02-11 16:44:05 +00:00	NULL	NULL
2893	zxzsoDhg	106	457	3	sunleyJ@parliament.uk	2021-02-11 16:44:24 +00:00	NULL	NULL
2894	cfuJQspI	369	370	3	sunleyJ@parliament.uk	2021-02-11 16:44:38 +00:00	NULL	NULL
2895	Lg1ZSrUi	457	370	3	sunleyJ@parliament.uk	2021-02-11 16:44:54 +00:00	NULL	NULL
2896	7IlyTZc2	370	371	3	sunleyJ@parliament.uk	2021-02-11 16:45:10 +00:00	NULL	NULL
2899	9ypTKXCg	458	371	3	sunleyJ@parliament.uk	2021-02-11 16:46:34 +00:00	NULL	NULL
2900	DR2MhzLa	371	372	3	sunleyJ@parliament.uk	2021-02-11 16:47:08 +00:00	NULL	NULL
2901	Jl06ybhq	372	8	3	sunleyJ@parliament.uk	2021-02-11 16:47:21 +00:00	NULL	NULL
2902	UJlXJYt7	8	459	3	sunleyJ@parliament.uk	2021-02-11 16:47:33 +00:00	NULL	NULL
2903	jpPQH9bX	459	372	3	sunleyJ@parliament.uk	2021-02-11 16:47:44 +00:00	NULL	NULL
2904	WvPkykQN	8	373	3	sunleyJ@parliament.uk	2021-02-11 16:48:11 +00:00	NULL	NULL
2905	VxQ4p5mG	373	510	3	sunleyJ@parliament.uk	2021-02-11 16:48:47 +00:00	NULL	NULL
2906	NHpkLEe7	510	92	3	sunleyJ@parliament.uk	2021-02-11 16:48:59 +00:00	NULL	NULL
2907	MyVx1ApB	92	318	3	sunleyJ@parliament.uk	2021-02-11 16:49:26 +00:00	NULL	NULL
2908	LjemF6dO	92	322	3	sunleyJ@parliament.uk	2021-02-11 16:49:40 +00:00	NULL	NULL
2909	N0HRifns	374	511	3	sunleyJ@parliament.uk	2021-02-11 16:49:55 +00:00	NULL	NULL
2910	j6QR5F1O	79	322	3	sunleyJ@parliament.uk	2021-02-11 16:50:11 +00:00	NULL	NULL
2911	drhVB97o	322	461	3	sunleyJ@parliament.uk	2021-02-11 16:50:25 +00:00	NULL	NULL
2912	oVDxVvFJ	461	374	3	sunleyJ@parliament.uk	2021-02-11 16:50:39 +00:00	NULL	NULL
2913	vg3lYseG	79	318	3	sunleyJ@parliament.uk	2021-02-11 16:51:10 +00:00	NULL	NULL
2914	o8jXFwOE	318	460	3	sunleyJ@parliament.uk	2021-02-11 16:51:37 +00:00	NULL	NULL
2915	Hsek3HpW	460	373	3	sunleyJ@parliament.uk	2021-02-11 16:51:49 +00:00	NULL	NULL
2916	DTf1a2H1	106	375	3	sunleyJ@parliament.uk	2021-02-11 16:52:17 +00:00	NULL	NULL
2917	5QJVW5JQ	12	377	3	sunleyJ@parliament.uk	2021-02-11 16:52:37 +00:00	NULL	NULL
2918	GoHKzTq0	64	418	3	sunleyJ@parliament.uk	2021-02-11 16:53:00 +00:00	NULL	NULL
2919	eWrGX3ac	54	419	3	sunleyJ@parliament.uk	2021-02-11 16:53:21 +00:00	NULL	NULL
2920	lN5QZjcV	375	417	3	sunleyJ@parliament.uk	2021-02-11 16:53:38 +00:00	NULL	NULL
2921	vYWAQoov	419	418	3	sunleyJ@parliament.uk	2021-02-11 16:53:54 +00:00	NULL	NULL
2922	ZfdbMYcU	418	417	3	sunleyJ@parliament.uk	2021-02-11 16:54:11 +00:00	NULL	NULL
2923	TyNCJ9Be	417	377	3	sunleyJ@parliament.uk	2021-02-11 16:54:24 +00:00	NULL	NULL
2924	0oNgDVO5	377	376	3	sunleyJ@parliament.uk	2021-02-11 16:54:36 +00:00	NULL	NULL
2925	yCRIubqc	376	111	3	sunleyJ@parliament.uk	2021-02-11 16:54:52 +00:00	NULL	NULL
2926	ZqLeQOhf	111	462	3	sunleyJ@parliament.uk	2021-02-11 16:55:11 +00:00	NULL	NULL
2927	GwCOgUkd	462	376	3	sunleyJ@parliament.uk	2021-02-11 16:55:38 +00:00	NULL	NULL
2928	BeozAJUF	106	378	3	sunleyJ@parliament.uk	2021-02-11 16:56:05 +00:00	NULL	NULL
2929	YhUZ1edQ	54	421	3	sunleyJ@parliament.uk	2021-02-11 16:56:25 +00:00	NULL	NULL
2930	jli1NC71	421	420	3	sunleyJ@parliament.uk	2021-02-11 16:56:37 +00:00	NULL	NULL
2931	O8jQ0SIe	378	420	3	sunleyJ@parliament.uk	2021-02-11 16:56:49 +00:00	NULL	NULL
2932	dI1TEogc	420	91	3	sunleyJ@parliament.uk	2021-02-11 16:57:01 +00:00	NULL	NULL
2933	9AvIODuW	286	379	3	sunleyJ@parliament.uk	2021-02-11 16:57:55 +00:00	NULL	NULL
2934	Z3qGuXhh	379	512	3	sunleyJ@parliament.uk	2021-02-11 16:58:05 +00:00	NULL	NULL
2935	RPWtZczn	512	12	3	sunleyJ@parliament.uk	2021-02-11 16:58:19 +00:00	NULL	NULL
2936	9OqOkffs	12	463	3	sunleyJ@parliament.uk	2021-02-11 16:58:32 +00:00	NULL	NULL
2937	BRpBlDcb	463	379	3	sunleyJ@parliament.uk	2021-02-11 16:58:45 +00:00	NULL	NULL
2938	qRigowwB	12	380	3	sunleyJ@parliament.uk	2021-02-11 16:59:01 +00:00	NULL	NULL
2939	T9YzSaEX	380	513	3	sunleyJ@parliament.uk	2021-02-11 16:59:15 +00:00	NULL	NULL
2940	LuXnBQgQ	513	106	3	sunleyJ@parliament.uk	2021-02-11 16:59:29 +00:00	NULL	NULL
2941	g82yWN8C	106	464	3	sunleyJ@parliament.uk	2021-02-11 16:59:45 +00:00	NULL	NULL
2942	aVdGWvzA	464	380	3	sunleyJ@parliament.uk	2021-02-11 16:59:58 +00:00	NULL	NULL
2943	pLd1vvYl	106	488	3	sunleyJ@parliament.uk	2021-02-11 17:00:15 +00:00	NULL	NULL
2944	X9moXPA9	106	484	3	sunleyJ@parliament.uk	2021-02-11 17:00:31 +00:00	NULL	NULL
2945	JyqVxpaK	106	478	3	sunleyJ@parliament.uk	2021-02-11 17:00:46 +00:00	NULL	NULL
2946	GNT9qzbu	106	479	3	sunleyJ@parliament.uk	2021-02-11 17:00:59 +00:00	NULL	NULL
2947	NCmEUthe	106	485	3	sunleyJ@parliament.uk	2021-02-11 17:01:13 +00:00	NULL	NULL
2948	1cNwVAgt	106	551	3	sunleyJ@parliament.uk	2021-02-11 17:01:30 +00:00	NULL	NULL
2949	fszOdCSo	106	470	3	sunleyJ@parliament.uk	2021-02-11 17:01:46 +00:00	NULL	NULL
2950	uF7bF5iz	106	465	3	sunleyJ@parliament.uk	2021-02-11 17:01:59 +00:00	NULL	NULL
2951	7s4NCAgX	106	466	3	sunleyJ@parliament.uk	2021-02-11 17:02:12 +00:00	NULL	NULL
2952	IXZTYOdz	106	579	3	sunleyJ@parliament.uk	2021-02-11 17:02:31 +00:00	NULL	NULL
2953	JolFrN0Y	12	428	3	sunleyJ@parliament.uk	2021-02-11 17:02:56 +00:00	NULL	NULL
2954	aNIFjclz	12	381	3	sunleyJ@parliament.uk	2021-02-11 17:03:10 +00:00	NULL	NULL
2955	PzbyoAh0	12	386	3	sunleyJ@parliament.uk	2021-02-11 17:03:34 +00:00	NULL	NULL
2956	lcp1y8to	12	395	3	sunleyJ@parliament.uk	2021-02-11 17:03:49 +00:00	NULL	NULL
2957	bvJ1cjyW	12	394	3	sunleyJ@parliament.uk	2021-02-12 13:56:46 +00:00	NULL	NULL
2958	wia9KRX8	478	394	3	sunleyJ@parliament.uk	2021-02-11 17:04:16 +00:00	NULL	NULL
2959	YXATcvPq	394	522	3	sunleyJ@parliament.uk	2021-02-11 17:04:30 +00:00	NULL	NULL
2960	2Emj1eLl	522	5	3	sunleyJ@parliament.uk	2021-02-11 17:05:05 +00:00	NULL	NULL
2961	864CcRgY	64	480	3	sunleyJ@parliament.uk	2021-02-11 17:05:23 +00:00	NULL	NULL
2962	0yGKOjxp	480	396	3	sunleyJ@parliament.uk	2021-02-11 17:05:37 +00:00	NULL	NULL
2963	mPYc8U5a	479	395	3	sunleyJ@parliament.uk	2021-02-11 17:05:50 +00:00	NULL	NULL
2964	p1qv9Qjz	395	396	3	sunleyJ@parliament.uk	2021-02-11 17:06:02 +00:00	NULL	NULL
2965	GrpPnRRg	396	523	3	sunleyJ@parliament.uk	2021-02-11 17:06:19 +00:00	NULL	NULL
2966	o7zU2Ff7	523	59	3	sunleyJ@parliament.uk	2021-02-11 17:06:46 +00:00	NULL	NULL
2967	Bj11xA8c	5	397	3	sunleyJ@parliament.uk	2021-02-11 17:07:00 +00:00	NULL	NULL
2968	3JAeHCe1	397	524	3	sunleyJ@parliament.uk	2021-02-11 17:07:15 +00:00	NULL	NULL
2969	vo6blrY3	524	41	3	sunleyJ@parliament.uk	2021-02-11 17:07:35 +00:00	NULL	NULL
2970	hTJE0KCY	41	487	3	sunleyJ@parliament.uk	2021-02-11 17:07:55 +00:00	NULL	NULL
2971	j0CCF7Od	48	481	3	sunleyJ@parliament.uk	2021-02-11 17:08:15 +00:00	NULL	NULL
2972	t5FSpLWn	481	397	3	sunleyJ@parliament.uk	2021-02-11 17:08:26 +00:00	NULL	NULL
2973	Al32oAHo	48	482	3	sunleyJ@parliament.uk	2021-02-11 17:08:45 +00:00	NULL	NULL
2974	F6MOrdAO	482	398	3	sunleyJ@parliament.uk	2021-02-11 17:09:00 +00:00	NULL	NULL
2975	vZNTsOjq	5	398	3	sunleyJ@parliament.uk	2021-02-11 17:09:19 +00:00	NULL	NULL
2976	wRkRiPSA	398	525	3	sunleyJ@parliament.uk	2021-02-11 17:09:38 +00:00	NULL	NULL
2977	WW8mhpkV	525	208	3	sunleyJ@parliament.uk	2021-02-11 17:09:56 +00:00	NULL	NULL
2978	rJ0Dt9xt	208	486	3	sunleyJ@parliament.uk	2021-02-11 17:10:17 +00:00	NULL	NULL
2979	Xf8iAFpv	5	425	3	sunleyJ@parliament.uk	2021-02-11 17:10:33 +00:00	NULL	NULL
2980	Ogzr1NDI	59	425	3	sunleyJ@parliament.uk	2021-02-11 17:10:49 +00:00	NULL	NULL
2981	Hh9FdjNT	425	401	3	sunleyJ@parliament.uk	2021-02-11 17:11:01 +00:00	NULL	NULL
2982	KsT8tiiy	484	401	3	sunleyJ@parliament.uk	2021-02-11 17:11:14 +00:00	NULL	NULL
2983	Vir7rf7L	401	530	3	sunleyJ@parliament.uk	2021-02-11 17:11:27 +00:00	NULL	NULL
2984	b9tfBrEL	530	21	3	sunleyJ@parliament.uk	2021-02-11 17:11:39 +00:00	NULL	NULL
2985	nT5nCzc2	21	427	3	sunleyJ@parliament.uk	2021-02-11 17:11:52 +00:00	NULL	NULL
2986	BsAOthVZ	5	528	3	sunleyJ@parliament.uk	2021-02-11 17:12:09 +00:00	NULL	NULL
2987	sNo6N3F8	528	185	3	sunleyJ@parliament.uk	2021-02-11 17:12:26 +00:00	NULL	NULL
2988	oX7img09	5	426	3	sunleyJ@parliament.uk	2021-02-11 17:12:46 +00:00	NULL	NULL
2989	KjSFdSYq	59	529	3	sunleyJ@parliament.uk	2021-02-11 17:13:08 +00:00	NULL	NULL
2990	TlNJPSkW	485	402	3	sunleyJ@parliament.uk	2021-02-11 17:13:40 +00:00	NULL	NULL
2991	VdiQewKW	59	399	3	sunleyJ@parliament.uk	2021-02-11 17:14:04 +00:00	NULL	NULL
2992	xi8SRMVl	399	526	3	sunleyJ@parliament.uk	2021-02-11 17:14:22 +00:00	NULL	NULL
2993	Ga34FXRJ	526	46	3	sunleyJ@parliament.uk	2021-02-11 17:14:36 +00:00	NULL	NULL
2994	DNRKaNAM	46	553	3	sunleyJ@parliament.uk	2021-02-11 17:14:55 +00:00	NULL	NULL
2995	399gsxUz	88	483	3	sunleyJ@parliament.uk	2021-02-11 17:15:18 +00:00	NULL	NULL
2996	8z78HtMh	483	399	3	sunleyJ@parliament.uk	2021-02-11 17:15:29 +00:00	NULL	NULL
2997	d0XiXvg9	465	381	3	sunleyJ@parliament.uk	2021-02-12 10:02:50 +00:00	NULL	NULL
2998	Gh7mmSGU	381	514	3	sunleyJ@parliament.uk	2021-02-12 10:03:05 +00:00	NULL	NULL
2999	S92ZFlM1	514	194	3	sunleyJ@parliament.uk	2021-02-12 10:03:18 +00:00	NULL	NULL
3000	oeZMm2q8	466	384	3	sunleyJ@parliament.uk	2021-02-12 10:03:32 +00:00	NULL	NULL
3001	jC9UvY0M	194	384	3	sunleyJ@parliament.uk	2021-02-12 10:03:55 +00:00	NULL	NULL
3002	VyM2xRil	384	385	3	sunleyJ@parliament.uk	2021-02-12 10:04:10 +00:00	NULL	NULL
3003	BgqilXV9	385	517	3	sunleyJ@parliament.uk	2021-02-12 10:04:30 +00:00	NULL	NULL
3004	vUWfoTU2	517	198	3	sunleyJ@parliament.uk	2021-02-12 10:04:45 +00:00	NULL	NULL
3005	EshZJ43B	198	467	3	sunleyJ@parliament.uk	2021-02-12 10:05:02 +00:00	NULL	NULL
3006	N1oEDFsk	467	382	3	sunleyJ@parliament.uk	2021-02-12 10:05:14 +00:00	NULL	NULL
3007	1Advw1a7	382	515	3	sunleyJ@parliament.uk	2021-02-12 10:05:25 +00:00	NULL	NULL
3008	qgoONfy7	515	207	3	sunleyJ@parliament.uk	2021-02-12 10:05:44 +00:00	NULL	NULL
3009	0vDFIH03	207	422	3	sunleyJ@parliament.uk	2021-02-12 10:06:00 +00:00	NULL	NULL
3010	GwQnou9c	422	469	3	sunleyJ@parliament.uk	2021-02-12 10:06:11 +00:00	NULL	NULL
3011	ZwaaI3Oo	469	385	3	sunleyJ@parliament.uk	2021-02-12 10:06:24 +00:00	NULL	NULL
3012	FnqJ1dhH	194	382	3	sunleyJ@parliament.uk	2021-02-12 10:06:45 +00:00	NULL	NULL
3013	tjo8oIEe	194	383	3	sunleyJ@parliament.uk	2021-02-12 10:07:04 +00:00	NULL	NULL
3014	ZU9Iig1y	383	516	3	sunleyJ@parliament.uk	2021-02-12 10:07:20 +00:00	NULL	NULL
3015	JZ95PSLG	516	195	3	sunleyJ@parliament.uk	2021-02-12 10:07:35 +00:00	NULL	NULL
3016	oT7SrQWf	195	422	3	sunleyJ@parliament.uk	2021-02-12 10:07:52 +00:00	NULL	NULL
3017	VKYl4FwP	198	468	3	sunleyJ@parliament.uk	2021-02-12 10:08:07 +00:00	NULL	NULL
3018	OCbLaQVK	468	383	3	sunleyJ@parliament.uk	2021-02-12 10:08:21 +00:00	NULL	NULL
3019	ijGcAa85	470	386	3	sunleyJ@parliament.uk	2021-02-12 10:08:34 +00:00	NULL	NULL
3020	VbwaBpVA	386	387	3	sunleyJ@parliament.uk	2021-02-12 10:08:46 +00:00	NULL	NULL
3021	O1Mlbean	387	19	3	sunleyJ@parliament.uk	2021-02-12 10:08:59 +00:00	NULL	NULL
3022	Hbktv8R6	19	471	3	sunleyJ@parliament.uk	2021-02-12 10:09:11 +00:00	NULL	NULL
3023	TSWMpn7y	471	387	3	sunleyJ@parliament.uk	2021-02-12 10:09:25 +00:00	NULL	NULL
3024	Wt7N1O1Q	19	388	3	sunleyJ@parliament.uk	2021-02-12 10:09:43 +00:00	NULL	NULL
3025	unFkSkej	19	389	3	sunleyJ@parliament.uk	2021-02-12 10:09:57 +00:00	NULL	NULL
3026	znapuLo8	19	390	3	sunleyJ@parliament.uk	2021-02-12 10:10:09 +00:00	NULL	NULL
3027	SsHGGEhG	388	518	3	sunleyJ@parliament.uk	2021-02-12 10:10:21 +00:00	NULL	NULL
3028	8H7KMrF6	518	84	3	sunleyJ@parliament.uk	2021-02-12 10:10:35 +00:00	NULL	NULL
3029	9uOFz3Xy	84	475	3	sunleyJ@parliament.uk	2021-02-12 10:10:48 +00:00	NULL	NULL
3030	shxeB2FS	475	388	3	sunleyJ@parliament.uk	2021-02-12 10:11:02 +00:00	NULL	NULL
3031	th6GHPLp	84	472	3	sunleyJ@parliament.uk	2021-02-12 10:11:16 +00:00	NULL	NULL
3032	ZohSfuCk	472	390	3	sunleyJ@parliament.uk	2021-02-12 10:11:27 +00:00	NULL	NULL
3033	wP63GKqi	390	393	3	sunleyJ@parliament.uk	2021-02-12 10:11:39 +00:00	NULL	NULL
3034	6cH9xUHF	393	520	3	sunleyJ@parliament.uk	2021-02-12 10:11:54 +00:00	NULL	NULL
3035	CAS4k50p	520	143	3	sunleyJ@parliament.uk	2021-02-12 10:12:05 +00:00	NULL	NULL
3036	aU73eUqc	143	477	3	sunleyJ@parliament.uk	2021-02-12 10:12:18 +00:00	NULL	NULL
3037	Zj5Xe3MB	477	393	3	sunleyJ@parliament.uk	2021-02-12 10:12:30 +00:00	NULL	NULL
3038	EGRfuXn5	143	474	3	sunleyJ@parliament.uk	2021-02-12 10:12:45 +00:00	NULL	NULL
3039	hDHQ5LQi	474	389	3	sunleyJ@parliament.uk	2021-02-12 10:13:00 +00:00	NULL	NULL
3040	q1IzYoxf	389	391	3	sunleyJ@parliament.uk	2021-02-12 10:13:13 +00:00	NULL	NULL
3041	y5oKZDjI	391	392	3	sunleyJ@parliament.uk	2021-02-12 10:13:28 +00:00	NULL	NULL
3042	KNJGuMdI	392	519	3	sunleyJ@parliament.uk	2021-02-12 10:13:40 +00:00	NULL	NULL
3043	wDH6ZjEW	519	72	3	sunleyJ@parliament.uk	2021-02-12 10:13:53 +00:00	NULL	NULL
3044	grAUoRT5	72	476	3	sunleyJ@parliament.uk	2021-02-12 10:14:05 +00:00	NULL	NULL
3045	ZOlHWtXU	476	392	3	sunleyJ@parliament.uk	2021-02-12 10:14:16 +00:00	NULL	NULL
3046	feIHTBDu	84	473	3	sunleyJ@parliament.uk	2021-02-12 10:14:34 +00:00	NULL	NULL
3047	tV1pFXOn	473	391	3	sunleyJ@parliament.uk	2021-02-12 10:14:47 +00:00	NULL	NULL
3048	dyetDGi5	84	423	3	sunleyJ@parliament.uk	2021-02-12 10:15:03 +00:00	NULL	NULL
3049	6njGClGS	72	423	3	sunleyJ@parliament.uk	2021-02-12 10:15:19 +00:00	NULL	NULL
3050	RPQMirxP	143	424	3	sunleyJ@parliament.uk	2021-02-12 10:15:34 +00:00	NULL	NULL
3051	yzMlfk7s	423	424	3	sunleyJ@parliament.uk	2021-02-12 10:15:48 +00:00	NULL	NULL
3052	bseBcBui	424	521	3	sunleyJ@parliament.uk	2021-02-12 10:16:01 +00:00	NULL	NULL
3053	fLNxhcSB	521	224	3	sunleyJ@parliament.uk	2021-02-12 10:16:15 +00:00	NULL	NULL
3054	VGAM601F	59	400	3	sunleyJ@parliament.uk	2021-02-12 10:16:40 +00:00	NULL	NULL
3055	xX6Z6B0u	400	527	3	sunleyJ@parliament.uk	2021-02-12 10:16:53 +00:00	NULL	NULL
3056	oSiTiFkO	527	210	3	sunleyJ@parliament.uk	2021-02-12 10:17:07 +00:00	NULL	NULL
3057	2qyYowmN	210	552	3	sunleyJ@parliament.uk	2021-02-12 10:17:29 +00:00	NULL	NULL
3058	bMIGL4Nu	88	541	3	sunleyJ@parliament.uk	2021-02-12 10:17:53 +00:00	NULL	NULL
3059	j1DdnbDA	541	400	3	sunleyJ@parliament.uk	2021-02-12 10:18:05 +00:00	NULL	NULL
3060	aSMjCo5H	59	426	3	sunleyJ@parliament.uk	2021-02-12 10:18:20 +00:00	NULL	NULL
3061	u10xzu9A	426	402	3	sunleyJ@parliament.uk	2021-02-12 10:18:33 +00:00	NULL	NULL
3062	5CWuUqqx	402	531	3	sunleyJ@parliament.uk	2021-02-12 10:18:47 +00:00	NULL	NULL
3063	hUjMYu8m	531	2	3	sunleyJ@parliament.uk	2021-02-12 10:19:00 +00:00	NULL	NULL
3064	kfGUntzN	2	427	3	sunleyJ@parliament.uk	2021-02-12 10:19:13 +00:00	NULL	NULL
3065	RAkKRNhK	427	543	3	sunleyJ@parliament.uk	2021-02-12 10:19:25 +00:00	NULL	NULL
3066	IYpBlA9H	486	543	3	sunleyJ@parliament.uk	2021-02-12 10:19:37 +00:00	NULL	NULL
3067	GH0K7Wvn	487	568	3	sunleyJ@parliament.uk	2021-02-12 10:19:49 +00:00	NULL	NULL
3068	LKSnzvnv	488	569	3	sunleyJ@parliament.uk	2021-02-12 10:20:03 +00:00	NULL	NULL
3069	tviC5ZjS	543	568	3	sunleyJ@parliament.uk	2021-02-12 10:20:20 +00:00	NULL	NULL
3070	U4w2X526	568	569	3	sunleyJ@parliament.uk	2021-02-12 10:20:33 +00:00	NULL	NULL
3071	qmVezMFN	569	532	3	sunleyJ@parliament.uk	2021-02-12 10:20:45 +00:00	NULL	NULL
3072	gyc6vKn7	532	48	3	sunleyJ@parliament.uk	2021-02-12 10:21:05 +00:00	NULL	NULL
3073	RaSytMb4	64	554	3	sunleyJ@parliament.uk	2021-02-12 10:21:29 +00:00	NULL	NULL
3074	WGDY6PHT	551	570	3	sunleyJ@parliament.uk	2021-02-12 10:21:41 +00:00	NULL	NULL
3075	BbQFHHda	552	571	3	sunleyJ@parliament.uk	2021-02-12 10:21:54 +00:00	NULL	NULL
3076	K0s9b9Je	553	572	3	sunleyJ@parliament.uk	2021-02-12 10:22:11 +00:00	NULL	NULL
3077	RRae84WY	554	573	3	sunleyJ@parliament.uk	2021-02-12 10:22:22 +00:00	NULL	NULL
3078	PHjyikDA	2	570	3	sunleyJ@parliament.uk	2021-02-12 10:22:35 +00:00	NULL	NULL
3079	pxA1XzzW	570	571	3	sunleyJ@parliament.uk	2021-02-12 10:22:48 +00:00	NULL	NULL
3080	uaF4p4IB	571	572	3	sunleyJ@parliament.uk	2021-02-12 10:23:03 +00:00	NULL	NULL
3081	xtci7nek	572	573	3	sunleyJ@parliament.uk	2021-02-12 10:23:16 +00:00	NULL	NULL
3082	mpG9JqqP	573	533	3	sunleyJ@parliament.uk	2021-02-12 10:23:33 +00:00	NULL	NULL
3083	cK7x5FfW	533	88	3	sunleyJ@parliament.uk	2021-02-12 10:23:50 +00:00	NULL	NULL
3084	KkJaxheu	48	574	3	sunleyJ@parliament.uk	2021-02-12 10:24:19 +00:00	NULL	NULL
3085	OKF3MMMQ	574	534	3	sunleyJ@parliament.uk	2021-02-12 10:24:36 +00:00	NULL	NULL
3086	nrFFwiC9	534	20	3	sunleyJ@parliament.uk	2021-02-12 10:24:57 +00:00	NULL	NULL
3087	WVgtFyZb	20	556	3	sunleyJ@parliament.uk	2021-02-12 10:25:15 +00:00	NULL	NULL
3088	zAHKExNM	556	575	3	sunleyJ@parliament.uk	2021-02-12 10:25:26 +00:00	NULL	NULL
3089	0uZmquwB	48	575	3	sunleyJ@parliament.uk	2021-02-12 10:25:47 +00:00	NULL	NULL
3090	5huRjOF6	575	535	3	sunleyJ@parliament.uk	2021-02-12 10:25:59 +00:00	NULL	NULL
3091	byY02vbu	535	7	3	sunleyJ@parliament.uk	2021-02-12 10:26:18 +00:00	NULL	NULL
3092	YLAxsTUU	7	555	3	sunleyJ@parliament.uk	2021-02-12 10:26:33 +00:00	NULL	NULL
3093	YzPcpKD5	555	574	3	sunleyJ@parliament.uk	2021-02-12 10:26:45 +00:00	NULL	NULL
3094	AXhOxEP5	88	576	3	sunleyJ@parliament.uk	2021-02-12 10:27:03 +00:00	NULL	NULL
3095	OxTdPoNy	576	536	3	sunleyJ@parliament.uk	2021-02-12 10:27:17 +00:00	NULL	NULL
3096	AyRcuggU	536	54	3	sunleyJ@parliament.uk	2021-02-12 10:27:41 +00:00	NULL	NULL
3097	jiNCbr5h	54	567	3	sunleyJ@parliament.uk	2021-02-12 10:28:11 +00:00	NULL	NULL
3098	oVBrnONW	54	557	3	sunleyJ@parliament.uk	2021-02-12 10:29:19 +00:00	NULL	NULL
3099	ZM0HHCx3	557	576	3	sunleyJ@parliament.uk	2021-02-12 10:29:31 +00:00	NULL	NULL
3100	Kw3kf1TG	54	558	3	sunleyJ@parliament.uk	2021-02-12 10:29:47 +00:00	NULL	NULL
3101	bdPEvHiF	558	577	3	sunleyJ@parliament.uk	2021-02-12 10:30:02 +00:00	NULL	NULL
3102	zpEHkwd5	88	577	3	sunleyJ@parliament.uk	2021-02-12 10:30:28 +00:00	NULL	NULL
3103	6TOSlFWS	577	537	3	sunleyJ@parliament.uk	2021-02-12 10:30:40 +00:00	NULL	NULL
3104	3RUbDGJ1	537	45	3	sunleyJ@parliament.uk	2021-02-12 10:30:56 +00:00	NULL	NULL
3105	6n6evodY	428	67	3	sunleyJ@parliament.uk	2021-02-12 10:31:18 +00:00	NULL	NULL
3106	OQPoDvKh	67	578	3	sunleyJ@parliament.uk	2021-02-12 10:31:29 +00:00	NULL	NULL
3107	d8Qhqr6Y	578	64	3	sunleyJ@parliament.uk	2021-02-12 10:31:47 +00:00	NULL	NULL
3108	KPeJ4hQs	64	559	3	sunleyJ@parliament.uk	2021-02-12 10:31:58 +00:00	NULL	NULL
3109	X0yzmAYj	559	578	3	sunleyJ@parliament.uk	2021-02-12 10:32:11 +00:00	NULL	NULL
3110	qPSUFpdR	64	581	3	sunleyJ@parliament.uk	2021-02-12 10:32:27 +00:00	NULL	NULL
3111	jwf6KH9v	567	560	3	sunleyJ@parliament.uk	2021-02-12 10:32:41 +00:00	NULL	NULL
3112	pW4n9iMt	560	580	3	sunleyJ@parliament.uk	2021-02-12 10:32:54 +00:00	NULL	NULL
3113	yBhmePmX	579	561	3	sunleyJ@parliament.uk	2021-02-12 10:33:10 +00:00	NULL	NULL
3114	GUC7GnDM	561	580	3	sunleyJ@parliament.uk	2021-02-12 10:33:23 +00:00	NULL	NULL
3115	4cy6giUp	580	581	3	sunleyJ@parliament.uk	2021-02-12 10:33:36 +00:00	NULL	NULL
3116	QEkRYPAK	581	582	3	sunleyJ@parliament.uk	2021-02-12 10:33:49 +00:00	NULL	NULL
3117	0LBmC0sQ	582	85	3	sunleyJ@parliament.uk	2021-02-12 10:34:00 +00:00	NULL	NULL
3118	MBJG77OK	85	562	3	sunleyJ@parliament.uk	2021-02-12 10:34:12 +00:00	NULL	NULL
3119	Eu8nmCDw	562	582	3	sunleyJ@parliament.uk	2021-02-12 10:34:25 +00:00	NULL	NULL
3120	hImB636W	85	583	3	sunleyJ@parliament.uk	2021-02-12 10:34:38 +00:00	NULL	NULL
3121	RWvKcfzq	583	544	3	sunleyJ@parliament.uk	2021-02-12 10:34:52 +00:00	NULL	NULL
3122	wshTOOhv	544	15	3	sunleyJ@parliament.uk	2021-02-12 10:35:06 +00:00	NULL	NULL
3123	zovDEh8N	15	563	3	sunleyJ@parliament.uk	2021-02-12 10:35:17 +00:00	NULL	NULL
3124	GEfZqrlQ	563	583	3	sunleyJ@parliament.uk	2021-02-12 10:35:31 +00:00	NULL	NULL
3125	hogMY001	15	584	3	sunleyJ@parliament.uk	2021-02-12 10:35:44 +00:00	NULL	NULL
3126	lsIyWnRB	584	566	3	sunleyJ@parliament.uk	2021-02-12 10:35:57 +00:00	NULL	NULL
3127	hy6eUAV7	566	9	3	sunleyJ@parliament.uk	2021-02-12 10:36:10 +00:00	NULL	NULL
3128	muQWUyxG	9	564	3	sunleyJ@parliament.uk	2021-02-12 10:36:22 +00:00	NULL	NULL
3129	2FtWHoMW	564	584	3	sunleyJ@parliament.uk	2021-02-12 10:36:33 +00:00	NULL	NULL
3130	Wa2uMxt3	585	326	3	sunleyJ@parliament.uk	2021-02-12 13:36:13 +00:00	NULL	NULL
3131	rMVcRaIN	344	498	3	sunleyJ@parliament.uk	2021-02-12 13:37:20 +00:00	NULL	NULL
3132	grvc2P5W	511	79	3	sunleyJ@parliament.uk	2021-02-12 13:42:22 +00:00	NULL	NULL
3133	6PhWBeWd	529	184	3	sunleyJ@parliament.uk	2021-02-12 13:44:15 +00:00	NULL	NULL
3134	IuxrF2xn	8	374	3	sunleyJ@parliament.uk	2021-02-12 13:54:33 +00:00	NULL	NULL
3135	ES46DecM	325	305	3	sunleyJ@parliament.uk	2021-02-12 15:51:47 +00:00	NULL	NULL
3136	nlGu62Rn	107	325	3	sunleyJ@parliament.uk	2021-02-12 15:52:09 +00:00	NULL	NULL

(1061 rows affected)


Completion time: 2021-02-15T12:55:45.2506890+00:00
